Failed to open connection to "session" message bus: Unable to autolaunch a dbus-daemon without a $DISPLAY for X11
1545303787487	mozrunner::runner	INFO	Running command: "/usr/bin/firefox" "-marionette" "-foreground" "-no-remote" "-profile" "/tmp/rust_mozprofile.pySEiwk4epMu"
Failed to open connection to "session" message bus: Unable to autolaunch a dbus-daemon without a $DISPLAY for X11
Running without a11y support!
Error: no DISPLAY environment variable specified
Failed to open connection to "session" message bus: Unable to autolaunch a dbus-daemon without a $DISPLAY for X11
1545304150895	mozrunner::runner	INFO	Running command: "/usr/bin/firefox" "-marionette" "-foreground" "-no-remote" "-profile" "/tmp/rust_mozprofile.eW5iRaNZFgwc"
Failed to open connection to "session" message bus: Unable to autolaunch a dbus-daemon without a $DISPLAY for X11
Running without a11y support!
Error: no DISPLAY environment variable specified
1545304600114	geckodriver	INFO	geckodriver 0.19.0
1545304600121	geckodriver	INFO	Listening on 127.0.0.1:59150
Failed to open connection to "session" message bus: Unable to autolaunch a dbus-daemon without a $DISPLAY for X11
1545304601348	mozrunner::runner	INFO	Running command: "/usr/bin/firefox" "-marionette" "-profile" "/tmp/rust_mozprofile.qk1GrjAB8uWe"
Failed to open connection to "session" message bus: Unable to autolaunch a dbus-daemon without a $DISPLAY for X11
Running without a11y support!
Error: no DISPLAY environment variable specified
1545305034528	geckodriver	INFO	geckodriver 0.19.0
1545305034534	geckodriver	INFO	Listening on 127.0.0.1:56020
1545309300688	geckodriver	INFO	geckodriver 0.19.1
1545309300695	geckodriver	INFO	Listening on 127.0.0.1:56719
1545309301892	mozrunner::runner	INFO	Running command: "/usr/local/firefox/firefox" "-marionette" "-profile" "/tmp/rust_mozprofile.hXhNJgetiu1I"
Error: cannot open display: :1017
1545309328311	geckodriver	INFO	geckodriver 0.19.1
1545309328318	geckodriver	INFO	Listening on 127.0.0.1:39559
1545309329470	mozrunner::runner	INFO	Running command: "/usr/local/firefox/firefox" "-marionette" "-profile" "/tmp/rust_mozprofile.pCGSVUKV2Rzd"
1545309329810	addons.xpi	WARN	Error parsing extensions state: [Exception... "Component returned failure code: 0x80520012 (NS_ERROR_FILE_NOT_FOUND) [amIAddonManagerStartup.readStartupData]"  nsresult: "0x80520012 (NS_ERROR_FILE_NOT_FOUND)"  location: "JS frame :: resource://gre/modules/addons/XPIProvider.jsm :: loadExtensionState :: line 1554"  data: no] Stack trace: loadExtensionState()@resource://gre/modules/addons/XPIProvider.jsm:1554 < getInstallState()@resource://gre/modules/addons/XPIProvider.jsm:1589 < checkForChanges()@resource://gre/modules/addons/XPIProvider.jsm:3109 < startup()@resource://gre/modules/addons/XPIProvider.jsm:2188 < callProvider()@resource://gre/modules/AddonManager.jsm:269 < _startProvider()@resource://gre/modules/AddonManager.jsm:739 < startup()@resource://gre/modules/AddonManager.jsm:906 < startup()@resource://gre/modules/AddonManager.jsm:3090 < observe()@jar:file:///usr/local/firefox/omni.ja!/components/addonManager.js:65
1545309330798	Marionette	INFO	Enabled via --marionette
1545309333391	Marionette	INFO	Listening on port 43719
1545309333442	Marionette	WARN	TLS certificate errors will be ignored for this session
1545309333499	Marionette	DEBUG	Register listener.js for window 2147483649
1545309333618	Marionette	DEBUG	Received DOM event "beforeunload" for "about:blank"
1545309334318	Marionette	DEBUG	Received DOM event "pagehide" for "about:blank"
1545309334319	Marionette	DEBUG	Received DOM event "unload" for "about:blank"
1545309334410	Marionette	DEBUG	Received DOM event "DOMContentLoaded" for "https://passport.weibo.com/visitor/visitor?entry=miniblog&a=enter&url=https%3A%2F%2Fweibo.com%2F2021115873%2Flike%3Fpage%3D1&domain=.weibo.com&ua=php-sso_sdk_client-0.6.28&_rand=1545309333.6763#feedtop"
1545309334422	Marionette	DEBUG	Received DOM event "pageshow" for "https://passport.weibo.com/visitor/visitor?entry=miniblog&a=enter&url=https%3A%2F%2Fweibo.com%2F2021115873%2Flike%3Fpage%3D1&domain=.weibo.com&ua=php-sso_sdk_client-0.6.28&_rand=1545309333.6763#feedtop"
JavaScript warning: https://js2.t.sinajs.cn/t6/webim_prime/js/common/all.js?version=201812202035, line 1: unreachable code after return statement
JavaScript warning: https://js2.t.sinajs.cn/t6/webim_prime/js/common/all.js?version=201812202035, line 1: unreachable code after return statement
JavaScript warning: https://js2.t.sinajs.cn/t6/webim_prime/js/common/all.js?version=201812202035, line 1: unreachable code after return statement
JavaScript warning: https://js2.t.sinajs.cn/t6/webim_prime/js/common/all.js?version=201812202035, line 1: unreachable code after return statement
JavaScript warning: https://js.t.sinajs.cn/t6/webim_prime/js/webim.js?v=1545309339700, line 139: unreachable code after return statement
JavaScript warning: https://js.t.sinajs.cn/t6/webim_prime/js/webim.js?v=1545309339700, line 139: unreachable code after return statement
JavaScript warning: https://js.t.sinajs.cn/t6/webim_prime/js/webim.js?v=1545309339700, line 172: unreachable code after return statement
JavaScript warning: https://js.t.sinajs.cn/t6/webim_prime/js/webim.js?v=1545309339700, line 174: unreachable code after return statement
JavaScript warning: https://js.t.sinajs.cn/t6/webim_prime/js/webim.js?v=1545309339700, line 198: unreachable code after return statement
JavaScript warning: https://js.t.sinajs.cn/t6/webim_prime/js/webim.js?v=1545309339700, line 200: unreachable code after return statement
JavaScript warning: https://js.t.sinajs.cn/t6/webim_prime/js/webim.js?v=1545309339700, line 207: unreachable code after return statement
JavaScript warning: https://js.t.sinajs.cn/t6/webim_prime/js/webim.js?v=1545309339700, line 139: unreachable code after return statement
1545309362505	Marionette	DEBUG	Received DOM event "popstate" for "https://weibo.com/2021115873/like?page=1#feedtop"
JavaScript warning: https://js2.t.sinajs.cn/t6/webim_prime/js/common/all.js?version=201812202036, line 1: unreachable code after return statement
JavaScript warning: https://js2.t.sinajs.cn/t6/webim_prime/js/common/all.js?version=201812202036, line 1: unreachable code after return statement
JavaScript warning: https://js2.t.sinajs.cn/t6/webim_prime/js/common/all.js?version=201812202036, line 1: unreachable code after return statement
JavaScript warning: https://js2.t.sinajs.cn/t6/webim_prime/js/common/all.js?version=201812202036, line 1: unreachable code after return statement
JavaScript warning: https://js.t.sinajs.cn/t6/webim_prime/js/webim.js?v=1545309370745, line 139: unreachable code after return statement
JavaScript warning: https://js.t.sinajs.cn/t6/webim_prime/js/webim.js?v=1545309370745, line 139: unreachable code after return statement
JavaScript warning: https://js.t.sinajs.cn/t6/webim_prime/js/webim.js?v=1545309370745, line 172: unreachable code after return statement
JavaScript warning: https://js.t.sinajs.cn/t6/webim_prime/js/webim.js?v=1545309370745, line 174: unreachable code after return statement
JavaScript warning: https://js.t.sinajs.cn/t6/webim_prime/js/webim.js?v=1545309370745, line 198: unreachable code after return statement
JavaScript warning: https://js.t.sinajs.cn/t6/webim_prime/js/webim.js?v=1545309370745, line 200: unreachable code after return statement
JavaScript warning: https://js.t.sinajs.cn/t6/webim_prime/js/webim.js?v=1545309370745, line 207: unreachable code after return statement
JavaScript warning: https://js.t.sinajs.cn/t6/webim_prime/js/webim.js?v=1545309370745, line 139: unreachable code after return statement
JavaScript warning: https://js2.t.sinajs.cn/t6/webim_prime/js/common/all.js?version=201812202036, line 1: unreachable code after return statement
JavaScript warning: https://js2.t.sinajs.cn/t6/webim_prime/js/common/all.js?version=201812202036, line 1: unreachable code after return statement
JavaScript warning: https://js2.t.sinajs.cn/t6/webim_prime/js/common/all.js?version=201812202036, line 1: unreachable code after return statement
JavaScript warning: https://js2.t.sinajs.cn/t6/webim_prime/js/common/all.js?version=201812202036, line 1: unreachable code after return statement
JavaScript warning: https://js.t.sinajs.cn/t6/webim_prime/js/webim.js?v=1545309374511, line 139: unreachable code after return statement
JavaScript warning: https://js.t.sinajs.cn/t6/webim_prime/js/webim.js?v=1545309374511, line 139: unreachable code after return statement
JavaScript warning: https://js.t.sinajs.cn/t6/webim_prime/js/webim.js?v=1545309374511, line 172: unreachable code after return statement
JavaScript warning: https://js.t.sinajs.cn/t6/webim_prime/js/webim.js?v=1545309374511, line 174: unreachable code after return statement
JavaScript warning: https://js.t.sinajs.cn/t6/webim_prime/js/webim.js?v=1545309374511, line 198: unreachable code after return statement
JavaScript warning: https://js.t.sinajs.cn/t6/webim_prime/js/webim.js?v=1545309374511, line 200: unreachable code after return statement
JavaScript warning: https://js.t.sinajs.cn/t6/webim_prime/js/webim.js?v=1545309374511, line 207: unreachable code after return statement
JavaScript warning: https://js.t.sinajs.cn/t6/webim_prime/js/webim.js?v=1545309374511, line 139: unreachable code after return statement
JavaScript warning: https://js2.t.sinajs.cn/t6/webim_prime/js/common/all.js?version=201812202036, line 1: unreachable code after return statement
JavaScript warning: https://js2.t.sinajs.cn/t6/webim_prime/js/common/all.js?version=201812202036, line 1: unreachable code after return statement
JavaScript warning: https://js2.t.sinajs.cn/t6/webim_prime/js/common/all.js?version=201812202036, line 1: unreachable code after return statement
JavaScript warning: https://js2.t.sinajs.cn/t6/webim_prime/js/common/all.js?version=201812202036, line 1: unreachable code after return statement
JavaScript warning: https://js.t.sinajs.cn/t6/webim_prime/js/webim.js?v=1545309405264, line 139: unreachable code after return statement
JavaScript warning: https://js.t.sinajs.cn/t6/webim_prime/js/webim.js?v=1545309405264, line 139: unreachable code after return statement
JavaScript warning: https://js.t.sinajs.cn/t6/webim_prime/js/webim.js?v=1545309405264, line 172: unreachable code after return statement
JavaScript warning: https://js.t.sinajs.cn/t6/webim_prime/js/webim.js?v=1545309405264, line 174: unreachable code after return statement
JavaScript warning: https://js.t.sinajs.cn/t6/webim_prime/js/webim.js?v=1545309405264, line 198: unreachable code after return statement
JavaScript warning: https://js.t.sinajs.cn/t6/webim_prime/js/webim.js?v=1545309405264, line 200: unreachable code after return statement
JavaScript warning: https://js.t.sinajs.cn/t6/webim_prime/js/webim.js?v=1545309405264, line 207: unreachable code after return statement
JavaScript warning: https://js.t.sinajs.cn/t6/webim_prime/js/webim.js?v=1545309405264, line 139: unreachable code after return statement
JavaScript warning: https://js2.t.sinajs.cn/t6/webim_prime/js/common/all.js?version=201812202036, line 1: unreachable code after return statement
JavaScript warning: https://js2.t.sinajs.cn/t6/webim_prime/js/common/all.js?version=201812202036, line 1: unreachable code after return statement
JavaScript warning: https://js2.t.sinajs.cn/t6/webim_prime/js/common/all.js?version=201812202036, line 1: unreachable code after return statement
JavaScript warning: https://js2.t.sinajs.cn/t6/webim_prime/js/common/all.js?version=201812202036, line 1: unreachable code after return statement
JavaScript warning: https://js.t.sinajs.cn/t6/webim_prime/js/webim.js?v=1545309409343, line 139: unreachable code after return statement
JavaScript warning: https://js.t.sinajs.cn/t6/webim_prime/js/webim.js?v=1545309409343, line 139: unreachable code after return statement
JavaScript warning: https://js.t.sinajs.cn/t6/webim_prime/js/webim.js?v=1545309409343, line 172: unreachable code after return statement
JavaScript warning: https://js.t.sinajs.cn/t6/webim_prime/js/webim.js?v=1545309409343, line 174: unreachable code after return statement
JavaScript warning: https://js.t.sinajs.cn/t6/webim_prime/js/webim.js?v=1545309409343, line 198: unreachable code after return statement
JavaScript warning: https://js.t.sinajs.cn/t6/webim_prime/js/webim.js?v=1545309409343, line 200: unreachable code after return statement
JavaScript warning: https://js.t.sinajs.cn/t6/webim_prime/js/webim.js?v=1545309409343, line 207: unreachable code after return statement
JavaScript warning: https://js.t.sinajs.cn/t6/webim_prime/js/webim.js?v=1545309409343, line 139: unreachable code after return statement
JavaScript warning: https://js2.t.sinajs.cn/t6/webim_prime/js/common/all.js?version=201812202036, line 1: unreachable code after return statement
JavaScript warning: https://js2.t.sinajs.cn/t6/webim_prime/js/common/all.js?version=201812202036, line 1: unreachable code after return statement
JavaScript warning: https://js2.t.sinajs.cn/t6/webim_prime/js/common/all.js?version=201812202036, line 1: unreachable code after return statement
JavaScript warning: https://js2.t.sinajs.cn/t6/webim_prime/js/common/all.js?version=201812202036, line 1: unreachable code after return statement
JavaScript warning: https://js.t.sinajs.cn/t6/webim_prime/js/webim.js?v=1545309412980, line 139: unreachable code after return statement
JavaScript warning: https://js.t.sinajs.cn/t6/webim_prime/js/webim.js?v=1545309412980, line 139: unreachable code after return statement
JavaScript warning: https://js.t.sinajs.cn/t6/webim_prime/js/webim.js?v=1545309412980, line 172: unreachable code after return statement
JavaScript warning: https://js.t.sinajs.cn/t6/webim_prime/js/webim.js?v=1545309412980, line 174: unreachable code after return statement
JavaScript warning: https://js.t.sinajs.cn/t6/webim_prime/js/webim.js?v=1545309412980, line 198: unreachable code after return statement
JavaScript warning: https://js.t.sinajs.cn/t6/webim_prime/js/webim.js?v=1545309412980, line 200: unreachable code after return statement
JavaScript warning: https://js.t.sinajs.cn/t6/webim_prime/js/webim.js?v=1545309412980, line 207: unreachable code after return statement
JavaScript warning: https://js.t.sinajs.cn/t6/webim_prime/js/webim.js?v=1545309412980, line 139: unreachable code after return statement
1545309436496	geckodriver	INFO	geckodriver 0.19.1
1545309436504	geckodriver	INFO	Listening on 127.0.0.1:40985
1545309437666	mozrunner::runner	INFO	Running command: "/usr/local/firefox/firefox" "-marionette" "-profile" "/tmp/rust_mozprofile.NiV2WW8ol5Nv"
Error: cannot open display: :1029
1545309446862	geckodriver	INFO	geckodriver 0.19.1
1545309446867	geckodriver	INFO	Listening on 127.0.0.1:49999
1545309448020	mozrunner::runner	INFO	Running command: "/usr/local/firefox/firefox" "-marionette" "-profile" "/tmp/rust_mozprofile.0bCA89W8Krtg"
Error: cannot open display: :1033
1545309459821	geckodriver	INFO	geckodriver 0.19.1
1545309459826	geckodriver	INFO	Listening on 127.0.0.1:39902
1545309460980	mozrunner::runner	INFO	Running command: "/usr/local/firefox/firefox" "-marionette" "-profile" "/tmp/rust_mozprofile.T2vFEQI65Kcz"
1545309461331	addons.xpi	WARN	Error parsing extensions state: [Exception... "Component returned failure code: 0x80520012 (NS_ERROR_FILE_NOT_FOUND) [amIAddonManagerStartup.readStartupData]"  nsresult: "0x80520012 (NS_ERROR_FILE_NOT_FOUND)"  location: "JS frame :: resource://gre/modules/addons/XPIProvider.jsm :: loadExtensionState :: line 1554"  data: no] Stack trace: loadExtensionState()@resource://gre/modules/addons/XPIProvider.jsm:1554 < getInstallState()@resource://gre/modules/addons/XPIProvider.jsm:1589 < checkForChanges()@resource://gre/modules/addons/XPIProvider.jsm:3109 < startup()@resource://gre/modules/addons/XPIProvider.jsm:2188 < callProvider()@resource://gre/modules/AddonManager.jsm:269 < _startProvider()@resource://gre/modules/AddonManager.jsm:739 < startup()@resource://gre/modules/AddonManager.jsm:906 < startup()@resource://gre/modules/AddonManager.jsm:3090 < observe()@jar:file:///usr/local/firefox/omni.ja!/components/addonManager.js:65
1545309461978	Marionette	INFO	Enabled via --marionette
1545309464393	Marionette	INFO	Listening on port 45348
1545309464427	Marionette	WARN	TLS certificate errors will be ignored for this session
1545309464487	Marionette	DEBUG	Register listener.js for window 2147483649
1545309464616	Marionette	DEBUG	Received DOM event "beforeunload" for "about:blank"
1545309465637	Marionette	DEBUG	Received DOM event "pagehide" for "about:blank"
1545309465638	Marionette	DEBUG	Received DOM event "unload" for "about:blank"
1545309465733	Marionette	DEBUG	Received DOM event "DOMContentLoaded" for "https://passport.weibo.com/visitor/visitor?entry=miniblog&a=enter&url=https%3A%2F%2Fweibo.com%2F2021115873%2Flike%3Fpage%3D1&domain=.weibo.com&ua=php-sso_sdk_client-0.6.28&_rand=1545309464.7214#feedtop"
1545309465745	Marionette	DEBUG	Received DOM event "pageshow" for "https://passport.weibo.com/visitor/visitor?entry=miniblog&a=enter&url=https%3A%2F%2Fweibo.com%2F2021115873%2Flike%3Fpage%3D1&domain=.weibo.com&ua=php-sso_sdk_client-0.6.28&_rand=1545309464.7214#feedtop"
JavaScript warning: https://js2.t.sinajs.cn/t6/webim_prime/js/common/all.js?version=201812202037, line 1: unreachable code after return statement
JavaScript warning: https://js2.t.sinajs.cn/t6/webim_prime/js/common/all.js?version=201812202037, line 1: unreachable code after return statement
JavaScript warning: https://js2.t.sinajs.cn/t6/webim_prime/js/common/all.js?version=201812202037, line 1: unreachable code after return statement
JavaScript warning: https://js2.t.sinajs.cn/t6/webim_prime/js/common/all.js?version=201812202037, line 1: unreachable code after return statement
JavaScript warning: https://js.t.sinajs.cn/t6/webim_prime/js/webim.js?v=1545309470858, line 139: unreachable code after return statement
JavaScript warning: https://js.t.sinajs.cn/t6/webim_prime/js/webim.js?v=1545309470858, line 139: unreachable code after return statement
JavaScript warning: https://js.t.sinajs.cn/t6/webim_prime/js/webim.js?v=1545309470858, line 172: unreachable code after return statement
JavaScript warning: https://js.t.sinajs.cn/t6/webim_prime/js/webim.js?v=1545309470858, line 174: unreachable code after return statement
JavaScript warning: https://js.t.sinajs.cn/t6/webim_prime/js/webim.js?v=1545309470858, line 198: unreachable code after return statement
JavaScript warning: https://js.t.sinajs.cn/t6/webim_prime/js/webim.js?v=1545309470858, line 200: unreachable code after return statement
JavaScript warning: https://js.t.sinajs.cn/t6/webim_prime/js/webim.js?v=1545309470858, line 207: unreachable code after return statement
JavaScript warning: https://js.t.sinajs.cn/t6/webim_prime/js/webim.js?v=1545309470858, line 139: unreachable code after return statement
1545309493788	Marionette	DEBUG	Received DOM event "popstate" for "https://weibo.com/2021115873/like?page=1#feedtop"
JavaScript warning: https://js2.t.sinajs.cn/t6/webim_prime/js/common/all.js?version=201812202038, line 1: unreachable code after return statement
JavaScript warning: https://js2.t.sinajs.cn/t6/webim_prime/js/common/all.js?version=201812202038, line 1: unreachable code after return statement
JavaScript warning: https://js2.t.sinajs.cn/t6/webim_prime/js/common/all.js?version=201812202038, line 1: unreachable code after return statement
JavaScript warning: https://js2.t.sinajs.cn/t6/webim_prime/js/common/all.js?version=201812202038, line 1: unreachable code after return statement
JavaScript warning: https://js.t.sinajs.cn/t6/webim_prime/js/webim.js?v=1545309503266, line 139: unreachable code after return statement
JavaScript warning: https://js.t.sinajs.cn/t6/webim_prime/js/webim.js?v=1545309503266, line 139: unreachable code after return statement
JavaScript warning: https://js.t.sinajs.cn/t6/webim_prime/js/webim.js?v=1545309503266, line 172: unreachable code after return statement
JavaScript warning: https://js.t.sinajs.cn/t6/webim_prime/js/webim.js?v=1545309503266, line 174: unreachable code after return statement
JavaScript warning: https://js.t.sinajs.cn/t6/webim_prime/js/webim.js?v=1545309503266, line 198: unreachable code after return statement
JavaScript warning: https://js.t.sinajs.cn/t6/webim_prime/js/webim.js?v=1545309503266, line 200: unreachable code after return statement
JavaScript warning: https://js.t.sinajs.cn/t6/webim_prime/js/webim.js?v=1545309503266, line 207: unreachable code after return statement
JavaScript warning: https://js.t.sinajs.cn/t6/webim_prime/js/webim.js?v=1545309503266, line 139: unreachable code after return statement
JavaScript warning: https://js2.t.sinajs.cn/t6/webim_prime/js/common/all.js?version=201812202038, line 1: unreachable code after return statement
JavaScript warning: https://js2.t.sinajs.cn/t6/webim_prime/js/common/all.js?version=201812202038, line 1: unreachable code after return statement
JavaScript warning: https://js2.t.sinajs.cn/t6/webim_prime/js/common/all.js?version=201812202038, line 1: unreachable code after return statement
JavaScript warning: https://js2.t.sinajs.cn/t6/webim_prime/js/common/all.js?version=201812202038, line 1: unreachable code after return statement
JavaScript warning: https://js.t.sinajs.cn/t6/webim_prime/js/webim.js?v=1545309506825, line 139: unreachable code after return statement
JavaScript warning: https://js.t.sinajs.cn/t6/webim_prime/js/webim.js?v=1545309506825, line 139: unreachable code after return statement
JavaScript warning: https://js.t.sinajs.cn/t6/webim_prime/js/webim.js?v=1545309506825, line 172: unreachable code after return statement
JavaScript warning: https://js.t.sinajs.cn/t6/webim_prime/js/webim.js?v=1545309506825, line 174: unreachable code after return statement
JavaScript warning: https://js.t.sinajs.cn/t6/webim_prime/js/webim.js?v=1545309506825, line 198: unreachable code after return statement
JavaScript warning: https://js.t.sinajs.cn/t6/webim_prime/js/webim.js?v=1545309506825, line 200: unreachable code after return statement
JavaScript warning: https://js.t.sinajs.cn/t6/webim_prime/js/webim.js?v=1545309506825, line 207: unreachable code after return statement
JavaScript warning: https://js.t.sinajs.cn/t6/webim_prime/js/webim.js?v=1545309506825, line 139: unreachable code after return statement
JavaScript warning: https://js2.t.sinajs.cn/t6/webim_prime/js/common/all.js?version=201812202038, line 1: unreachable code after return statement
JavaScript warning: https://js2.t.sinajs.cn/t6/webim_prime/js/common/all.js?version=201812202038, line 1: unreachable code after return statement
JavaScript warning: https://js2.t.sinajs.cn/t6/webim_prime/js/common/all.js?version=201812202038, line 1: unreachable code after return statement
JavaScript warning: https://js2.t.sinajs.cn/t6/webim_prime/js/common/all.js?version=201812202038, line 1: unreachable code after return statement
JavaScript warning: https://js.t.sinajs.cn/t6/webim_prime/js/webim.js?v=1545309510460, line 139: unreachable code after return statement
JavaScript warning: https://js.t.sinajs.cn/t6/webim_prime/js/webim.js?v=1545309510460, line 139: unreachable code after return statement
JavaScript warning: https://js.t.sinajs.cn/t6/webim_prime/js/webim.js?v=1545309510460, line 172: unreachable code after return statement
JavaScript warning: https://js.t.sinajs.cn/t6/webim_prime/js/webim.js?v=1545309510460, line 174: unreachable code after return statement
JavaScript warning: https://js.t.sinajs.cn/t6/webim_prime/js/webim.js?v=1545309510460, line 198: unreachable code after return statement
JavaScript warning: https://js.t.sinajs.cn/t6/webim_prime/js/webim.js?v=1545309510460, line 200: unreachable code after return statement
JavaScript warning: https://js.t.sinajs.cn/t6/webim_prime/js/webim.js?v=1545309510460, line 207: unreachable code after return statement
JavaScript warning: https://js.t.sinajs.cn/t6/webim_prime/js/webim.js?v=1545309510460, line 139: unreachable code after return statement
JavaScript warning: https://js2.t.sinajs.cn/t6/webim_prime/js/common/all.js?version=201812202038, line 1: unreachable code after return statement
JavaScript warning: https://js2.t.sinajs.cn/t6/webim_prime/js/common/all.js?version=201812202038, line 1: unreachable code after return statement
JavaScript warning: https://js2.t.sinajs.cn/t6/webim_prime/js/common/all.js?version=201812202038, line 1: unreachable code after return statement
JavaScript warning: https://js2.t.sinajs.cn/t6/webim_prime/js/common/all.js?version=201812202038, line 1: unreachable code after return statement
JavaScript warning: https://js.t.sinajs.cn/t6/webim_prime/js/webim.js?v=1545309513574, line 139: unreachable code after return statement
JavaScript warning: https://js.t.sinajs.cn/t6/webim_prime/js/webim.js?v=1545309513574, line 139: unreachable code after return statement
JavaScript warning: https://js.t.sinajs.cn/t6/webim_prime/js/webim.js?v=1545309513574, line 172: unreachable code after return statement
JavaScript warning: https://js.t.sinajs.cn/t6/webim_prime/js/webim.js?v=1545309513574, line 174: unreachable code after return statement
JavaScript warning: https://js.t.sinajs.cn/t6/webim_prime/js/webim.js?v=1545309513574, line 198: unreachable code after return statement
JavaScript warning: https://js.t.sinajs.cn/t6/webim_prime/js/webim.js?v=1545309513574, line 200: unreachable code after return statement
JavaScript warning: https://js.t.sinajs.cn/t6/webim_prime/js/webim.js?v=1545309513574, line 207: unreachable code after return statement
JavaScript warning: https://js.t.sinajs.cn/t6/webim_prime/js/webim.js?v=1545309513574, line 139: unreachable code after return statement
JavaScript warning: https://js2.t.sinajs.cn/t6/webim_prime/js/common/all.js?version=201812202038, line 1: unreachable code after return statement
JavaScript warning: https://js2.t.sinajs.cn/t6/webim_prime/js/common/all.js?version=201812202038, line 1: unreachable code after return statement
JavaScript warning: https://js2.t.sinajs.cn/t6/webim_prime/js/common/all.js?version=201812202038, line 1: unreachable code after return statement
JavaScript warning: https://js2.t.sinajs.cn/t6/webim_prime/js/common/all.js?version=201812202038, line 1: unreachable code after return statement
JavaScript warning: https://js.t.sinajs.cn/t6/webim_prime/js/webim.js?v=1545309517216, line 139: unreachable code after return statement
JavaScript warning: https://js.t.sinajs.cn/t6/webim_prime/js/webim.js?v=1545309517216, line 139: unreachable code after return statement
JavaScript warning: https://js.t.sinajs.cn/t6/webim_prime/js/webim.js?v=1545309517216, line 172: unreachable code after return statement
JavaScript warning: https://js.t.sinajs.cn/t6/webim_prime/js/webim.js?v=1545309517216, line 174: unreachable code after return statement
JavaScript warning: https://js.t.sinajs.cn/t6/webim_prime/js/webim.js?v=1545309517216, line 198: unreachable code after return statement
JavaScript warning: https://js.t.sinajs.cn/t6/webim_prime/js/webim.js?v=1545309517216, line 200: unreachable code after return statement
JavaScript warning: https://js.t.sinajs.cn/t6/webim_prime/js/webim.js?v=1545309517216, line 207: unreachable code after return statement
JavaScript warning: https://js.t.sinajs.cn/t6/webim_prime/js/webim.js?v=1545309517216, line 139: unreachable code after return statement
JavaScript warning: https://js2.t.sinajs.cn/t6/webim_prime/js/common/all.js?version=201812202038, line 1: unreachable code after return statement
JavaScript warning: https://js2.t.sinajs.cn/t6/webim_prime/js/common/all.js?version=201812202038, line 1: unreachable code after return statement
JavaScript warning: https://js2.t.sinajs.cn/t6/webim_prime/js/common/all.js?version=201812202038, line 1: unreachable code after return statement
JavaScript warning: https://js2.t.sinajs.cn/t6/webim_prime/js/common/all.js?version=201812202038, line 1: unreachable code after return statement
JavaScript warning: https://js.t.sinajs.cn/t6/webim_prime/js/webim.js?v=1545309521311, line 139: unreachable code after return statement
JavaScript warning: https://js.t.sinajs.cn/t6/webim_prime/js/webim.js?v=1545309521311, line 139: unreachable code after return statement
JavaScript warning: https://js.t.sinajs.cn/t6/webim_prime/js/webim.js?v=1545309521311, line 172: unreachable code after return statement
JavaScript warning: https://js.t.sinajs.cn/t6/webim_prime/js/webim.js?v=1545309521311, line 174: unreachable code after return statement
JavaScript warning: https://js.t.sinajs.cn/t6/webim_prime/js/webim.js?v=1545309521311, line 198: unreachable code after return statement
JavaScript warning: https://js.t.sinajs.cn/t6/webim_prime/js/webim.js?v=1545309521311, line 200: unreachable code after return statement
JavaScript warning: https://js.t.sinajs.cn/t6/webim_prime/js/webim.js?v=1545309521311, line 207: unreachable code after return statement
JavaScript warning: https://js.t.sinajs.cn/t6/webim_prime/js/webim.js?v=1545309521311, line 139: unreachable code after return statement
JavaScript warning: https://js2.t.sinajs.cn/t6/webim_prime/js/common/all.js?version=201812202038, line 1: unreachable code after return statement
JavaScript warning: https://js2.t.sinajs.cn/t6/webim_prime/js/common/all.js?version=201812202038, line 1: unreachable code after return statement
JavaScript warning: https://js2.t.sinajs.cn/t6/webim_prime/js/common/all.js?version=201812202038, line 1: unreachable code after return statement
JavaScript warning: https://js2.t.sinajs.cn/t6/webim_prime/js/common/all.js?version=201812202038, line 1: unreachable code after return statement
JavaScript warning: https://js.t.sinajs.cn/t6/webim_prime/js/webim.js?v=1545309526335, line 139: unreachable code after return statement
JavaScript warning: https://js.t.sinajs.cn/t6/webim_prime/js/webim.js?v=1545309526335, line 139: unreachable code after return statement
JavaScript warning: https://js.t.sinajs.cn/t6/webim_prime/js/webim.js?v=1545309526335, line 172: unreachable code after return statement
JavaScript warning: https://js.t.sinajs.cn/t6/webim_prime/js/webim.js?v=1545309526335, line 174: unreachable code after return statement
JavaScript warning: https://js.t.sinajs.cn/t6/webim_prime/js/webim.js?v=1545309526335, line 198: unreachable code after return statement
JavaScript warning: https://js.t.sinajs.cn/t6/webim_prime/js/webim.js?v=1545309526335, line 200: unreachable code after return statement
JavaScript warning: https://js.t.sinajs.cn/t6/webim_prime/js/webim.js?v=1545309526335, line 207: unreachable code after return statement
JavaScript warning: https://js.t.sinajs.cn/t6/webim_prime/js/webim.js?v=1545309526335, line 139: unreachable code after return statement
JavaScript warning: https://js2.t.sinajs.cn/t6/webim_prime/js/common/all.js?version=201812202038, line 1: unreachable code after return statement
JavaScript warning: https://js2.t.sinajs.cn/t6/webim_prime/js/common/all.js?version=201812202038, line 1: unreachable code after return statement
JavaScript warning: https://js2.t.sinajs.cn/t6/webim_prime/js/common/all.js?version=201812202038, line 1: unreachable code after return statement
JavaScript warning: https://js2.t.sinajs.cn/t6/webim_prime/js/common/all.js?version=201812202038, line 1: unreachable code after return statement
JavaScript warning: https://js.t.sinajs.cn/t6/webim_prime/js/webim.js?v=1545309530010, line 139: unreachable code after return statement
JavaScript warning: https://js.t.sinajs.cn/t6/webim_prime/js/webim.js?v=1545309530010, line 139: unreachable code after return statement
JavaScript warning: https://js.t.sinajs.cn/t6/webim_prime/js/webim.js?v=1545309530010, line 172: unreachable code after return statement
JavaScript warning: https://js.t.sinajs.cn/t6/webim_prime/js/webim.js?v=1545309530010, line 174: unreachable code after return statement
JavaScript warning: https://js.t.sinajs.cn/t6/webim_prime/js/webim.js?v=1545309530010, line 198: unreachable code after return statement
JavaScript warning: https://js.t.sinajs.cn/t6/webim_prime/js/webim.js?v=1545309530010, line 200: unreachable code after return statement
JavaScript warning: https://js.t.sinajs.cn/t6/webim_prime/js/webim.js?v=1545309530010, line 207: unreachable code after return statement
JavaScript warning: https://js.t.sinajs.cn/t6/webim_prime/js/webim.js?v=1545309530010, line 139: unreachable code after return statement
JavaScript warning: https://js2.t.sinajs.cn/t6/webim_prime/js/common/all.js?version=201812202038, line 1: unreachable code after return statement
JavaScript warning: https://js2.t.sinajs.cn/t6/webim_prime/js/common/all.js?version=201812202038, line 1: unreachable code after return statement
JavaScript warning: https://js2.t.sinajs.cn/t6/webim_prime/js/common/all.js?version=201812202038, line 1: unreachable code after return statement
JavaScript warning: https://js2.t.sinajs.cn/t6/webim_prime/js/common/all.js?version=201812202038, line 1: unreachable code after return statement
JavaScript warning: https://js.t.sinajs.cn/t6/webim_prime/js/webim.js?v=1545309538388, line 139: unreachable code after return statement
JavaScript warning: https://js.t.sinajs.cn/t6/webim_prime/js/webim.js?v=1545309538388, line 139: unreachable code after return statement
JavaScript warning: https://js.t.sinajs.cn/t6/webim_prime/js/webim.js?v=1545309538388, line 172: unreachable code after return statement
JavaScript warning: https://js.t.sinajs.cn/t6/webim_prime/js/webim.js?v=1545309538388, line 174: unreachable code after return statement
JavaScript warning: https://js.t.sinajs.cn/t6/webim_prime/js/webim.js?v=1545309538388, line 198: unreachable code after return statement
JavaScript warning: https://js.t.sinajs.cn/t6/webim_prime/js/webim.js?v=1545309538388, line 200: unreachable code after return statement
JavaScript warning: https://js.t.sinajs.cn/t6/webim_prime/js/webim.js?v=1545309538388, line 207: unreachable code after return statement
JavaScript warning: https://js.t.sinajs.cn/t6/webim_prime/js/webim.js?v=1545309538388, line 139: unreachable code after return statement
JavaScript warning: https://js2.t.sinajs.cn/t6/webim_prime/js/common/all.js?version=201812202039, line 1: unreachable code after return statement
JavaScript warning: https://js2.t.sinajs.cn/t6/webim_prime/js/common/all.js?version=201812202039, line 1: unreachable code after return statement
JavaScript warning: https://js2.t.sinajs.cn/t6/webim_prime/js/common/all.js?version=201812202039, line 1: unreachable code after return statement
JavaScript warning: https://js2.t.sinajs.cn/t6/webim_prime/js/common/all.js?version=201812202039, line 1: unreachable code after return statement
JavaScript warning: https://js.t.sinajs.cn/t6/webim_prime/js/webim.js?v=1545309547131, line 139: unreachable code after return statement
JavaScript warning: https://js.t.sinajs.cn/t6/webim_prime/js/webim.js?v=1545309547131, line 139: unreachable code after return statement
JavaScript warning: https://js.t.sinajs.cn/t6/webim_prime/js/webim.js?v=1545309547131, line 172: unreachable code after return statement
JavaScript warning: https://js.t.sinajs.cn/t6/webim_prime/js/webim.js?v=1545309547131, line 174: unreachable code after return statement
JavaScript warning: https://js.t.sinajs.cn/t6/webim_prime/js/webim.js?v=1545309547131, line 198: unreachable code after return statement
JavaScript warning: https://js.t.sinajs.cn/t6/webim_prime/js/webim.js?v=1545309547131, line 200: unreachable code after return statement
JavaScript warning: https://js.t.sinajs.cn/t6/webim_prime/js/webim.js?v=1545309547131, line 207: unreachable code after return statement
JavaScript warning: https://js.t.sinajs.cn/t6/webim_prime/js/webim.js?v=1545309547131, line 139: unreachable code after return statement
JavaScript warning: https://js2.t.sinajs.cn/t6/webim_prime/js/common/all.js?version=201812202039, line 1: unreachable code after return statement
JavaScript warning: https://js2.t.sinajs.cn/t6/webim_prime/js/common/all.js?version=201812202039, line 1: unreachable code after return statement
JavaScript warning: https://js2.t.sinajs.cn/t6/webim_prime/js/common/all.js?version=201812202039, line 1: unreachable code after return statement
JavaScript warning: https://js2.t.sinajs.cn/t6/webim_prime/js/common/all.js?version=201812202039, line 1: unreachable code after return statement
JavaScript warning: https://js.t.sinajs.cn/t6/webim_prime/js/webim.js?v=1545309561037, line 139: unreachable code after return statement
JavaScript warning: https://js.t.sinajs.cn/t6/webim_prime/js/webim.js?v=1545309561037, line 139: unreachable code after return statement
JavaScript warning: https://js.t.sinajs.cn/t6/webim_prime/js/webim.js?v=1545309561037, line 172: unreachable code after return statement
JavaScript warning: https://js.t.sinajs.cn/t6/webim_prime/js/webim.js?v=1545309561037, line 174: unreachable code after return statement
JavaScript warning: https://js.t.sinajs.cn/t6/webim_prime/js/webim.js?v=1545309561037, line 198: unreachable code after return statement
JavaScript warning: https://js.t.sinajs.cn/t6/webim_prime/js/webim.js?v=1545309561037, line 200: unreachable code after return statement
JavaScript warning: https://js.t.sinajs.cn/t6/webim_prime/js/webim.js?v=1545309561037, line 207: unreachable code after return statement
JavaScript warning: https://js.t.sinajs.cn/t6/webim_prime/js/webim.js?v=1545309561037, line 139: unreachable code after return statement
JavaScript warning: https://js2.t.sinajs.cn/t6/webim_prime/js/common/all.js?version=201812202039, line 1: unreachable code after return statement
JavaScript warning: https://js2.t.sinajs.cn/t6/webim_prime/js/common/all.js?version=201812202039, line 1: unreachable code after return statement
JavaScript warning: https://js2.t.sinajs.cn/t6/webim_prime/js/common/all.js?version=201812202039, line 1: unreachable code after return statement
JavaScript warning: https://js2.t.sinajs.cn/t6/webim_prime/js/common/all.js?version=201812202039, line 1: unreachable code after return statement
JavaScript warning: https://js.t.sinajs.cn/t6/webim_prime/js/webim.js?v=1545309564963, line 139: unreachable code after return statement
JavaScript warning: https://js.t.sinajs.cn/t6/webim_prime/js/webim.js?v=1545309564963, line 139: unreachable code after return statement
JavaScript warning: https://js.t.sinajs.cn/t6/webim_prime/js/webim.js?v=1545309564963, line 172: unreachable code after return statement
JavaScript warning: https://js.t.sinajs.cn/t6/webim_prime/js/webim.js?v=1545309564963, line 174: unreachable code after return statement
JavaScript warning: https://js.t.sinajs.cn/t6/webim_prime/js/webim.js?v=1545309564963, line 198: unreachable code after return statement
JavaScript warning: https://js.t.sinajs.cn/t6/webim_prime/js/webim.js?v=1545309564963, line 200: unreachable code after return statement
JavaScript warning: https://js.t.sinajs.cn/t6/webim_prime/js/webim.js?v=1545309564963, line 207: unreachable code after return statement
JavaScript warning: https://js.t.sinajs.cn/t6/webim_prime/js/webim.js?v=1545309564963, line 139: unreachable code after return statement
JavaScript warning: https://js2.t.sinajs.cn/t6/webim_prime/js/common/all.js?version=201812202039, line 1: unreachable code after return statement
JavaScript warning: https://js2.t.sinajs.cn/t6/webim_prime/js/common/all.js?version=201812202039, line 1: unreachable code after return statement
JavaScript warning: https://js2.t.sinajs.cn/t6/webim_prime/js/common/all.js?version=201812202039, line 1: unreachable code after return statement
JavaScript warning: https://js2.t.sinajs.cn/t6/webim_prime/js/common/all.js?version=201812202039, line 1: unreachable code after return statement
JavaScript warning: https://js.t.sinajs.cn/t6/webim_prime/js/webim.js?v=1545309569366, line 139: unreachable code after return statement
JavaScript warning: https://js.t.sinajs.cn/t6/webim_prime/js/webim.js?v=1545309569366, line 139: unreachable code after return statement
JavaScript warning: https://js.t.sinajs.cn/t6/webim_prime/js/webim.js?v=1545309569366, line 172: unreachable code after return statement
JavaScript warning: https://js.t.sinajs.cn/t6/webim_prime/js/webim.js?v=1545309569366, line 174: unreachable code after return statement
JavaScript warning: https://js.t.sinajs.cn/t6/webim_prime/js/webim.js?v=1545309569366, line 198: unreachable code after return statement
JavaScript warning: https://js.t.sinajs.cn/t6/webim_prime/js/webim.js?v=1545309569366, line 200: unreachable code after return statement
JavaScript warning: https://js.t.sinajs.cn/t6/webim_prime/js/webim.js?v=1545309569366, line 207: unreachable code after return statement
JavaScript warning: https://js.t.sinajs.cn/t6/webim_prime/js/webim.js?v=1545309569366, line 139: unreachable code after return statement
JavaScript warning: https://js2.t.sinajs.cn/t6/webim_prime/js/common/all.js?version=201812202039, line 1: unreachable code after return statement
JavaScript warning: https://js2.t.sinajs.cn/t6/webim_prime/js/common/all.js?version=201812202039, line 1: unreachable code after return statement
JavaScript warning: https://js2.t.sinajs.cn/t6/webim_prime/js/common/all.js?version=201812202039, line 1: unreachable code after return statement
JavaScript warning: https://js2.t.sinajs.cn/t6/webim_prime/js/common/all.js?version=201812202039, line 1: unreachable code after return statement
JavaScript warning: https://js.t.sinajs.cn/t6/webim_prime/js/webim.js?v=1545309572931, line 139: unreachable code after return statement
JavaScript warning: https://js.t.sinajs.cn/t6/webim_prime/js/webim.js?v=1545309572931, line 139: unreachable code after return statement
JavaScript warning: https://js.t.sinajs.cn/t6/webim_prime/js/webim.js?v=1545309572931, line 172: unreachable code after return statement
JavaScript warning: https://js.t.sinajs.cn/t6/webim_prime/js/webim.js?v=1545309572931, line 174: unreachable code after return statement
JavaScript warning: https://js.t.sinajs.cn/t6/webim_prime/js/webim.js?v=1545309572931, line 198: unreachable code after return statement
JavaScript warning: https://js.t.sinajs.cn/t6/webim_prime/js/webim.js?v=1545309572931, line 200: unreachable code after return statement
JavaScript warning: https://js.t.sinajs.cn/t6/webim_prime/js/webim.js?v=1545309572931, line 207: unreachable code after return statement
JavaScript warning: https://js.t.sinajs.cn/t6/webim_prime/js/webim.js?v=1545309572931, line 139: unreachable code after return statement
JavaScript warning: https://js2.t.sinajs.cn/t6/webim_prime/js/common/all.js?version=201812202039, line 1: unreachable code after return statement
JavaScript warning: https://js2.t.sinajs.cn/t6/webim_prime/js/common/all.js?version=201812202039, line 1: unreachable code after return statement
JavaScript warning: https://js2.t.sinajs.cn/t6/webim_prime/js/common/all.js?version=201812202039, line 1: unreachable code after return statement
JavaScript warning: https://js2.t.sinajs.cn/t6/webim_prime/js/common/all.js?version=201812202039, line 1: unreachable code after return statement
JavaScript warning: https://js.t.sinajs.cn/t6/webim_prime/js/webim.js?v=1545309576449, line 139: unreachable code after return statement
JavaScript warning: https://js.t.sinajs.cn/t6/webim_prime/js/webim.js?v=1545309576449, line 139: unreachable code after return statement
JavaScript warning: https://js.t.sinajs.cn/t6/webim_prime/js/webim.js?v=1545309576449, line 172: unreachable code after return statement
JavaScript warning: https://js.t.sinajs.cn/t6/webim_prime/js/webim.js?v=1545309576449, line 174: unreachable code after return statement
JavaScript warning: https://js.t.sinajs.cn/t6/webim_prime/js/webim.js?v=1545309576449, line 198: unreachable code after return statement
JavaScript warning: https://js.t.sinajs.cn/t6/webim_prime/js/webim.js?v=1545309576449, line 200: unreachable code after return statement
JavaScript warning: https://js.t.sinajs.cn/t6/webim_prime/js/webim.js?v=1545309576449, line 207: unreachable code after return statement
JavaScript warning: https://js.t.sinajs.cn/t6/webim_prime/js/webim.js?v=1545309576449, line 139: unreachable code after return statement
JavaScript warning: https://js2.t.sinajs.cn/t6/webim_prime/js/common/all.js?version=201812202039, line 1: unreachable code after return statement
JavaScript warning: https://js2.t.sinajs.cn/t6/webim_prime/js/common/all.js?version=201812202039, line 1: unreachable code after return statement
JavaScript warning: https://js2.t.sinajs.cn/t6/webim_prime/js/common/all.js?version=201812202039, line 1: unreachable code after return statement
JavaScript warning: https://js2.t.sinajs.cn/t6/webim_prime/js/common/all.js?version=201812202039, line 1: unreachable code after return statement
JavaScript warning: https://js.t.sinajs.cn/t6/webim_prime/js/webim.js?v=1545309580436, line 139: unreachable code after return statement
JavaScript warning: https://js.t.sinajs.cn/t6/webim_prime/js/webim.js?v=1545309580436, line 139: unreachable code after return statement
JavaScript warning: https://js.t.sinajs.cn/t6/webim_prime/js/webim.js?v=1545309580436, line 172: unreachable code after return statement
JavaScript warning: https://js.t.sinajs.cn/t6/webim_prime/js/webim.js?v=1545309580436, line 174: unreachable code after return statement
JavaScript warning: https://js.t.sinajs.cn/t6/webim_prime/js/webim.js?v=1545309580436, line 198: unreachable code after return statement
JavaScript warning: https://js.t.sinajs.cn/t6/webim_prime/js/webim.js?v=1545309580436, line 200: unreachable code after return statement
JavaScript warning: https://js.t.sinajs.cn/t6/webim_prime/js/webim.js?v=1545309580436, line 207: unreachable code after return statement
JavaScript warning: https://js.t.sinajs.cn/t6/webim_prime/js/webim.js?v=1545309580436, line 139: unreachable code after return statement
JavaScript warning: https://js2.t.sinajs.cn/t6/webim_prime/js/common/all.js?version=201812202039, line 1: unreachable code after return statement
JavaScript warning: https://js2.t.sinajs.cn/t6/webim_prime/js/common/all.js?version=201812202039, line 1: unreachable code after return statement
JavaScript warning: https://js2.t.sinajs.cn/t6/webim_prime/js/common/all.js?version=201812202039, line 1: unreachable code after return statement
JavaScript warning: https://js2.t.sinajs.cn/t6/webim_prime/js/common/all.js?version=201812202039, line 1: unreachable code after return statement
JavaScript warning: https://js.t.sinajs.cn/t6/webim_prime/js/webim.js?v=1545309584609, line 139: unreachable code after return statement
JavaScript warning: https://js.t.sinajs.cn/t6/webim_prime/js/webim.js?v=1545309584609, line 139: unreachable code after return statement
JavaScript warning: https://js.t.sinajs.cn/t6/webim_prime/js/webim.js?v=1545309584609, line 172: unreachable code after return statement
JavaScript warning: https://js.t.sinajs.cn/t6/webim_prime/js/webim.js?v=1545309584609, line 174: unreachable code after return statement
JavaScript warning: https://js.t.sinajs.cn/t6/webim_prime/js/webim.js?v=1545309584609, line 198: unreachable code after return statement
JavaScript warning: https://js.t.sinajs.cn/t6/webim_prime/js/webim.js?v=1545309584609, line 200: unreachable code after return statement
JavaScript warning: https://js.t.sinajs.cn/t6/webim_prime/js/webim.js?v=1545309584609, line 207: unreachable code after return statement
JavaScript warning: https://js.t.sinajs.cn/t6/webim_prime/js/webim.js?v=1545309584609, line 139: unreachable code after return statement
JavaScript warning: https://js2.t.sinajs.cn/t6/webim_prime/js/common/all.js?version=201812202039, line 1: unreachable code after return statement
JavaScript warning: https://js2.t.sinajs.cn/t6/webim_prime/js/common/all.js?version=201812202039, line 1: unreachable code after return statement
JavaScript warning: https://js2.t.sinajs.cn/t6/webim_prime/js/common/all.js?version=201812202039, line 1: unreachable code after return statement
JavaScript warning: https://js2.t.sinajs.cn/t6/webim_prime/js/common/all.js?version=201812202039, line 1: unreachable code after return statement
JavaScript warning: https://js.t.sinajs.cn/t6/webim_prime/js/webim.js?v=1545309592973, line 139: unreachable code after return statement
JavaScript warning: https://js.t.sinajs.cn/t6/webim_prime/js/webim.js?v=1545309592973, line 139: unreachable code after return statement
JavaScript warning: https://js.t.sinajs.cn/t6/webim_prime/js/webim.js?v=1545309592973, line 172: unreachable code after return statement
JavaScript warning: https://js.t.sinajs.cn/t6/webim_prime/js/webim.js?v=1545309592973, line 174: unreachable code after return statement
JavaScript warning: https://js.t.sinajs.cn/t6/webim_prime/js/webim.js?v=1545309592973, line 198: unreachable code after return statement
JavaScript warning: https://js.t.sinajs.cn/t6/webim_prime/js/webim.js?v=1545309592973, line 200: unreachable code after return statement
JavaScript warning: https://js.t.sinajs.cn/t6/webim_prime/js/webim.js?v=1545309592973, line 207: unreachable code after return statement
JavaScript warning: https://js.t.sinajs.cn/t6/webim_prime/js/webim.js?v=1545309592973, line 139: unreachable code after return statement
1545309635166	geckodriver	INFO	geckodriver 0.19.1
1545309635171	geckodriver	INFO	Listening on 127.0.0.1:47647
1545309636332	mozrunner::runner	INFO	Running command: "/usr/local/firefox/firefox" "-marionette" "-profile" "/tmp/rust_mozprofile.0kcM7HHr7aaJ"
1545309636694	addons.xpi	WARN	Error parsing extensions state: [Exception... "Component returned failure code: 0x80520012 (NS_ERROR_FILE_NOT_FOUND) [amIAddonManagerStartup.readStartupData]"  nsresult: "0x80520012 (NS_ERROR_FILE_NOT_FOUND)"  location: "JS frame :: resource://gre/modules/addons/XPIProvider.jsm :: loadExtensionState :: line 1554"  data: no] Stack trace: loadExtensionState()@resource://gre/modules/addons/XPIProvider.jsm:1554 < getInstallState()@resource://gre/modules/addons/XPIProvider.jsm:1589 < checkForChanges()@resource://gre/modules/addons/XPIProvider.jsm:3109 < startup()@resource://gre/modules/addons/XPIProvider.jsm:2188 < callProvider()@resource://gre/modules/AddonManager.jsm:269 < _startProvider()@resource://gre/modules/AddonManager.jsm:739 < startup()@resource://gre/modules/AddonManager.jsm:906 < startup()@resource://gre/modules/AddonManager.jsm:3090 < observe()@jar:file:///usr/local/firefox/omni.ja!/components/addonManager.js:65
1545309637355	Marionette	INFO	Enabled via --marionette
1545309639777	Marionette	INFO	Listening on port 39502
1545309639885	Marionette	WARN	TLS certificate errors will be ignored for this session
1545309639947	Marionette	DEBUG	Register listener.js for window 2147483649
1545309640049	Marionette	DEBUG	Received DOM event "beforeunload" for "about:blank"
1545309640854	Marionette	DEBUG	Received DOM event "pagehide" for "about:blank"
1545309640855	Marionette	DEBUG	Received DOM event "unload" for "about:blank"
1545309640958	Marionette	DEBUG	Received DOM event "DOMContentLoaded" for "https://passport.weibo.com/visitor/visitor?entry=miniblog&a=enter&url=https%3A%2F%2Fweibo.com%2F2021115873%2Flike%3Fpage%3D1&domain=.weibo.com&ua=php-sso_sdk_client-0.6.28&_rand=1545309640.0928#feedtop"
1545309640974	Marionette	DEBUG	Received DOM event "pageshow" for "https://passport.weibo.com/visitor/visitor?entry=miniblog&a=enter&url=https%3A%2F%2Fweibo.com%2F2021115873%2Flike%3Fpage%3D1&domain=.weibo.com&ua=php-sso_sdk_client-0.6.28&_rand=1545309640.0928#feedtop"
JavaScript warning: https://js2.t.sinajs.cn/t6/webim_prime/js/common/all.js?version=a141dc22aa197226, line 1: unreachable code after return statement
JavaScript warning: https://js2.t.sinajs.cn/t6/webim_prime/js/common/all.js?version=a141dc22aa197226, line 1: unreachable code after return statement
JavaScript warning: https://js2.t.sinajs.cn/t6/webim_prime/js/common/all.js?version=a141dc22aa197226, line 1: unreachable code after return statement
JavaScript warning: https://js2.t.sinajs.cn/t6/webim_prime/js/common/all.js?version=a141dc22aa197226, line 1: unreachable code after return statement
JavaScript warning: https://js.t.sinajs.cn/t6/webim_prime/js/webim.js?v=1545309647870, line 139: unreachable code after return statement
JavaScript warning: https://js.t.sinajs.cn/t6/webim_prime/js/webim.js?v=1545309647870, line 139: unreachable code after return statement
JavaScript warning: https://js.t.sinajs.cn/t6/webim_prime/js/webim.js?v=1545309647870, line 172: unreachable code after return statement
JavaScript warning: https://js.t.sinajs.cn/t6/webim_prime/js/webim.js?v=1545309647870, line 174: unreachable code after return statement
JavaScript warning: https://js.t.sinajs.cn/t6/webim_prime/js/webim.js?v=1545309647870, line 198: unreachable code after return statement
JavaScript warning: https://js.t.sinajs.cn/t6/webim_prime/js/webim.js?v=1545309647870, line 200: unreachable code after return statement
JavaScript warning: https://js.t.sinajs.cn/t6/webim_prime/js/webim.js?v=1545309647870, line 207: unreachable code after return statement
JavaScript warning: https://js.t.sinajs.cn/t6/webim_prime/js/webim.js?v=1545309647870, line 139: unreachable code after return statement
1545309670455	Marionette	DEBUG	Received DOM event "popstate" for "https://weibo.com/2021115873/like?page=1#feedtop"
JavaScript warning: https://js2.t.sinajs.cn/t6/webim_prime/js/common/all.js?version=a141dc22aa197226, line 1: unreachable code after return statement
JavaScript warning: https://js2.t.sinajs.cn/t6/webim_prime/js/common/all.js?version=a141dc22aa197226, line 1: unreachable code after return statement
JavaScript warning: https://js2.t.sinajs.cn/t6/webim_prime/js/common/all.js?version=a141dc22aa197226, line 1: unreachable code after return statement
JavaScript warning: https://js2.t.sinajs.cn/t6/webim_prime/js/common/all.js?version=a141dc22aa197226, line 1: unreachable code after return statement
JavaScript warning: https://js.t.sinajs.cn/t6/webim_prime/js/webim.js?v=1545309679283, line 139: unreachable code after return statement
JavaScript warning: https://js.t.sinajs.cn/t6/webim_prime/js/webim.js?v=1545309679283, line 139: unreachable code after return statement
JavaScript warning: https://js.t.sinajs.cn/t6/webim_prime/js/webim.js?v=1545309679283, line 172: unreachable code after return statement
JavaScript warning: https://js.t.sinajs.cn/t6/webim_prime/js/webim.js?v=1545309679283, line 174: unreachable code after return statement
JavaScript warning: https://js.t.sinajs.cn/t6/webim_prime/js/webim.js?v=1545309679283, line 198: unreachable code after return statement
JavaScript warning: https://js.t.sinajs.cn/t6/webim_prime/js/webim.js?v=1545309679283, line 200: unreachable code after return statement
JavaScript warning: https://js.t.sinajs.cn/t6/webim_prime/js/webim.js?v=1545309679283, line 207: unreachable code after return statement
JavaScript warning: https://js.t.sinajs.cn/t6/webim_prime/js/webim.js?v=1545309679283, line 139: unreachable code after return statement
JavaScript warning: https://js2.t.sinajs.cn/t6/webim_prime/js/common/all.js?version=a141dc22aa197226, line 1: unreachable code after return statement
JavaScript warning: https://js2.t.sinajs.cn/t6/webim_prime/js/common/all.js?version=a141dc22aa197226, line 1: unreachable code after return statement
JavaScript warning: https://js2.t.sinajs.cn/t6/webim_prime/js/common/all.js?version=a141dc22aa197226, line 1: unreachable code after return statement
JavaScript warning: https://js2.t.sinajs.cn/t6/webim_prime/js/common/all.js?version=a141dc22aa197226, line 1: unreachable code after return statement
JavaScript warning: https://js.t.sinajs.cn/t6/webim_prime/js/webim.js?v=1545309682882, line 139: unreachable code after return statement
JavaScript warning: https://js.t.sinajs.cn/t6/webim_prime/js/webim.js?v=1545309682882, line 139: unreachable code after return statement
JavaScript warning: https://js.t.sinajs.cn/t6/webim_prime/js/webim.js?v=1545309682882, line 172: unreachable code after return statement
JavaScript warning: https://js.t.sinajs.cn/t6/webim_prime/js/webim.js?v=1545309682882, line 174: unreachable code after return statement
JavaScript warning: https://js.t.sinajs.cn/t6/webim_prime/js/webim.js?v=1545309682882, line 198: unreachable code after return statement
JavaScript warning: https://js.t.sinajs.cn/t6/webim_prime/js/webim.js?v=1545309682882, line 200: unreachable code after return statement
JavaScript warning: https://js.t.sinajs.cn/t6/webim_prime/js/webim.js?v=1545309682882, line 207: unreachable code after return statement
JavaScript warning: https://js.t.sinajs.cn/t6/webim_prime/js/webim.js?v=1545309682882, line 139: unreachable code after return statement
JavaScript warning: https://js2.t.sinajs.cn/t6/webim_prime/js/common/all.js?version=a141dc22aa197226, line 1: unreachable code after return statement
JavaScript warning: https://js2.t.sinajs.cn/t6/webim_prime/js/common/all.js?version=a141dc22aa197226, line 1: unreachable code after return statement
JavaScript warning: https://js2.t.sinajs.cn/t6/webim_prime/js/common/all.js?version=a141dc22aa197226, line 1: unreachable code after return statement
JavaScript warning: https://js2.t.sinajs.cn/t6/webim_prime/js/common/all.js?version=a141dc22aa197226, line 1: unreachable code after return statement
JavaScript warning: https://js.t.sinajs.cn/t6/webim_prime/js/webim.js?v=1545309686624, line 139: unreachable code after return statement
JavaScript warning: https://js.t.sinajs.cn/t6/webim_prime/js/webim.js?v=1545309686624, line 139: unreachable code after return statement
JavaScript warning: https://js.t.sinajs.cn/t6/webim_prime/js/webim.js?v=1545309686624, line 172: unreachable code after return statement
JavaScript warning: https://js.t.sinajs.cn/t6/webim_prime/js/webim.js?v=1545309686624, line 174: unreachable code after return statement
JavaScript warning: https://js.t.sinajs.cn/t6/webim_prime/js/webim.js?v=1545309686624, line 198: unreachable code after return statement
JavaScript warning: https://js.t.sinajs.cn/t6/webim_prime/js/webim.js?v=1545309686624, line 200: unreachable code after return statement
JavaScript warning: https://js.t.sinajs.cn/t6/webim_prime/js/webim.js?v=1545309686624, line 207: unreachable code after return statement
JavaScript warning: https://js.t.sinajs.cn/t6/webim_prime/js/webim.js?v=1545309686624, line 139: unreachable code after return statement
JavaScript warning: https://js2.t.sinajs.cn/t6/webim_prime/js/common/all.js?version=a141dc22aa197226, line 1: unreachable code after return statement
JavaScript warning: https://js2.t.sinajs.cn/t6/webim_prime/js/common/all.js?version=a141dc22aa197226, line 1: unreachable code after return statement
JavaScript warning: https://js2.t.sinajs.cn/t6/webim_prime/js/common/all.js?version=a141dc22aa197226, line 1: unreachable code after return statement
JavaScript warning: https://js2.t.sinajs.cn/t6/webim_prime/js/common/all.js?version=a141dc22aa197226, line 1: unreachable code after return statement
JavaScript warning: https://js.t.sinajs.cn/t6/webim_prime/js/webim.js?v=1545309689928, line 139: unreachable code after return statement
JavaScript warning: https://js.t.sinajs.cn/t6/webim_prime/js/webim.js?v=1545309689928, line 139: unreachable code after return statement
JavaScript warning: https://js.t.sinajs.cn/t6/webim_prime/js/webim.js?v=1545309689928, line 172: unreachable code after return statement
JavaScript warning: https://js.t.sinajs.cn/t6/webim_prime/js/webim.js?v=1545309689928, line 174: unreachable code after return statement
JavaScript warning: https://js.t.sinajs.cn/t6/webim_prime/js/webim.js?v=1545309689928, line 198: unreachable code after return statement
JavaScript warning: https://js.t.sinajs.cn/t6/webim_prime/js/webim.js?v=1545309689928, line 200: unreachable code after return statement
JavaScript warning: https://js.t.sinajs.cn/t6/webim_prime/js/webim.js?v=1545309689928, line 207: unreachable code after return statement
JavaScript warning: https://js.t.sinajs.cn/t6/webim_prime/js/webim.js?v=1545309689928, line 139: unreachable code after return statement
JavaScript warning: https://js2.t.sinajs.cn/t6/webim_prime/js/common/all.js?version=a141dc22aa197226, line 1: unreachable code after return statement
JavaScript warning: https://js2.t.sinajs.cn/t6/webim_prime/js/common/all.js?version=a141dc22aa197226, line 1: unreachable code after return statement
JavaScript warning: https://js2.t.sinajs.cn/t6/webim_prime/js/common/all.js?version=a141dc22aa197226, line 1: unreachable code after return statement
JavaScript warning: https://js2.t.sinajs.cn/t6/webim_prime/js/common/all.js?version=a141dc22aa197226, line 1: unreachable code after return statement
JavaScript warning: https://js.t.sinajs.cn/t6/webim_prime/js/webim.js?v=1545309693602, line 139: unreachable code after return statement
JavaScript warning: https://js.t.sinajs.cn/t6/webim_prime/js/webim.js?v=1545309693602, line 139: unreachable code after return statement
JavaScript warning: https://js.t.sinajs.cn/t6/webim_prime/js/webim.js?v=1545309693602, line 172: unreachable code after return statement
JavaScript warning: https://js.t.sinajs.cn/t6/webim_prime/js/webim.js?v=1545309693602, line 174: unreachable code after return statement
JavaScript warning: https://js.t.sinajs.cn/t6/webim_prime/js/webim.js?v=1545309693602, line 198: unreachable code after return statement
JavaScript warning: https://js.t.sinajs.cn/t6/webim_prime/js/webim.js?v=1545309693602, line 200: unreachable code after return statement
JavaScript warning: https://js.t.sinajs.cn/t6/webim_prime/js/webim.js?v=1545309693602, line 207: unreachable code after return statement
JavaScript warning: https://js.t.sinajs.cn/t6/webim_prime/js/webim.js?v=1545309693602, line 139: unreachable code after return statement
JavaScript warning: https://js2.t.sinajs.cn/t6/webim_prime/js/common/all.js?version=a141dc22aa197226, line 1: unreachable code after return statement
JavaScript warning: https://js2.t.sinajs.cn/t6/webim_prime/js/common/all.js?version=a141dc22aa197226, line 1: unreachable code after return statement
JavaScript warning: https://js2.t.sinajs.cn/t6/webim_prime/js/common/all.js?version=a141dc22aa197226, line 1: unreachable code after return statement
JavaScript warning: https://js2.t.sinajs.cn/t6/webim_prime/js/common/all.js?version=a141dc22aa197226, line 1: unreachable code after return statement
JavaScript warning: https://js.t.sinajs.cn/t6/webim_prime/js/webim.js?v=1545309697930, line 139: unreachable code after return statement
JavaScript warning: https://js.t.sinajs.cn/t6/webim_prime/js/webim.js?v=1545309697930, line 139: unreachable code after return statement
JavaScript warning: https://js.t.sinajs.cn/t6/webim_prime/js/webim.js?v=1545309697930, line 172: unreachable code after return statement
JavaScript warning: https://js.t.sinajs.cn/t6/webim_prime/js/webim.js?v=1545309697930, line 174: unreachable code after return statement
JavaScript warning: https://js.t.sinajs.cn/t6/webim_prime/js/webim.js?v=1545309697930, line 198: unreachable code after return statement
JavaScript warning: https://js.t.sinajs.cn/t6/webim_prime/js/webim.js?v=1545309697930, line 200: unreachable code after return statement
JavaScript warning: https://js.t.sinajs.cn/t6/webim_prime/js/webim.js?v=1545309697930, line 207: unreachable code after return statement
JavaScript warning: https://js.t.sinajs.cn/t6/webim_prime/js/webim.js?v=1545309697930, line 139: unreachable code after return statement
JavaScript warning: https://js2.t.sinajs.cn/t6/webim_prime/js/common/all.js?version=a141dc22aa197226, line 1: unreachable code after return statement
JavaScript warning: https://js2.t.sinajs.cn/t6/webim_prime/js/common/all.js?version=a141dc22aa197226, line 1: unreachable code after return statement
JavaScript warning: https://js2.t.sinajs.cn/t6/webim_prime/js/common/all.js?version=a141dc22aa197226, line 1: unreachable code after return statement
JavaScript warning: https://js2.t.sinajs.cn/t6/webim_prime/js/common/all.js?version=a141dc22aa197226, line 1: unreachable code after return statement
JavaScript warning: https://js.t.sinajs.cn/t6/webim_prime/js/webim.js?v=1545309702771, line 139: unreachable code after return statement
JavaScript warning: https://js.t.sinajs.cn/t6/webim_prime/js/webim.js?v=1545309702771, line 139: unreachable code after return statement
JavaScript warning: https://js.t.sinajs.cn/t6/webim_prime/js/webim.js?v=1545309702771, line 172: unreachable code after return statement
JavaScript warning: https://js.t.sinajs.cn/t6/webim_prime/js/webim.js?v=1545309702771, line 174: unreachable code after return statement
JavaScript warning: https://js.t.sinajs.cn/t6/webim_prime/js/webim.js?v=1545309702771, line 198: unreachable code after return statement
JavaScript warning: https://js.t.sinajs.cn/t6/webim_prime/js/webim.js?v=1545309702771, line 200: unreachable code after return statement
JavaScript warning: https://js.t.sinajs.cn/t6/webim_prime/js/webim.js?v=1545309702771, line 207: unreachable code after return statement
JavaScript warning: https://js.t.sinajs.cn/t6/webim_prime/js/webim.js?v=1545309702771, line 139: unreachable code after return statement
JavaScript warning: https://js2.t.sinajs.cn/t6/webim_prime/js/common/all.js?version=a141dc22aa197226, line 1: unreachable code after return statement
JavaScript warning: https://js2.t.sinajs.cn/t6/webim_prime/js/common/all.js?version=a141dc22aa197226, line 1: unreachable code after return statement
JavaScript warning: https://js2.t.sinajs.cn/t6/webim_prime/js/common/all.js?version=a141dc22aa197226, line 1: unreachable code after return statement
JavaScript warning: https://js2.t.sinajs.cn/t6/webim_prime/js/common/all.js?version=a141dc22aa197226, line 1: unreachable code after return statement
JavaScript warning: https://js.t.sinajs.cn/t6/webim_prime/js/webim.js?v=1545309706475, line 139: unreachable code after return statement
JavaScript warning: https://js.t.sinajs.cn/t6/webim_prime/js/webim.js?v=1545309706475, line 139: unreachable code after return statement
JavaScript warning: https://js.t.sinajs.cn/t6/webim_prime/js/webim.js?v=1545309706475, line 172: unreachable code after return statement
JavaScript warning: https://js.t.sinajs.cn/t6/webim_prime/js/webim.js?v=1545309706475, line 174: unreachable code after return statement
JavaScript warning: https://js.t.sinajs.cn/t6/webim_prime/js/webim.js?v=1545309706475, line 198: unreachable code after return statement
JavaScript warning: https://js.t.sinajs.cn/t6/webim_prime/js/webim.js?v=1545309706475, line 200: unreachable code after return statement
JavaScript warning: https://js.t.sinajs.cn/t6/webim_prime/js/webim.js?v=1545309706475, line 207: unreachable code after return statement
JavaScript warning: https://js.t.sinajs.cn/t6/webim_prime/js/webim.js?v=1545309706475, line 139: unreachable code after return statement
JavaScript warning: https://js2.t.sinajs.cn/t6/webim_prime/js/common/all.js?version=a141dc22aa197226, line 1: unreachable code after return statement
JavaScript warning: https://js2.t.sinajs.cn/t6/webim_prime/js/common/all.js?version=a141dc22aa197226, line 1: unreachable code after return statement
JavaScript warning: https://js2.t.sinajs.cn/t6/webim_prime/js/common/all.js?version=a141dc22aa197226, line 1: unreachable code after return statement
JavaScript warning: https://js2.t.sinajs.cn/t6/webim_prime/js/common/all.js?version=a141dc22aa197226, line 1: unreachable code after return statement
JavaScript warning: https://js.t.sinajs.cn/t6/webim_prime/js/webim.js?v=1545309716396, line 139: unreachable code after return statement
JavaScript warning: https://js.t.sinajs.cn/t6/webim_prime/js/webim.js?v=1545309716396, line 139: unreachable code after return statement
JavaScript warning: https://js.t.sinajs.cn/t6/webim_prime/js/webim.js?v=1545309716396, line 172: unreachable code after return statement
JavaScript warning: https://js.t.sinajs.cn/t6/webim_prime/js/webim.js?v=1545309716396, line 174: unreachable code after return statement
JavaScript warning: https://js.t.sinajs.cn/t6/webim_prime/js/webim.js?v=1545309716396, line 198: unreachable code after return statement
JavaScript warning: https://js.t.sinajs.cn/t6/webim_prime/js/webim.js?v=1545309716396, line 200: unreachable code after return statement
JavaScript warning: https://js.t.sinajs.cn/t6/webim_prime/js/webim.js?v=1545309716396, line 207: unreachable code after return statement
JavaScript warning: https://js.t.sinajs.cn/t6/webim_prime/js/webim.js?v=1545309716396, line 139: unreachable code after return statement
JavaScript warning: https://js2.t.sinajs.cn/t6/webim_prime/js/common/all.js?version=a141dc22aa197226, line 1: unreachable code after return statement
JavaScript warning: https://js2.t.sinajs.cn/t6/webim_prime/js/common/all.js?version=a141dc22aa197226, line 1: unreachable code after return statement
JavaScript warning: https://js2.t.sinajs.cn/t6/webim_prime/js/common/all.js?version=a141dc22aa197226, line 1: unreachable code after return statement
JavaScript warning: https://js2.t.sinajs.cn/t6/webim_prime/js/common/all.js?version=a141dc22aa197226, line 1: unreachable code after return statement
JavaScript warning: https://js.t.sinajs.cn/t6/webim_prime/js/webim.js?v=1545309727035, line 139: unreachable code after return statement
JavaScript warning: https://js.t.sinajs.cn/t6/webim_prime/js/webim.js?v=1545309727035, line 139: unreachable code after return statement
JavaScript warning: https://js.t.sinajs.cn/t6/webim_prime/js/webim.js?v=1545309727035, line 172: unreachable code after return statement
JavaScript warning: https://js.t.sinajs.cn/t6/webim_prime/js/webim.js?v=1545309727035, line 174: unreachable code after return statement
JavaScript warning: https://js.t.sinajs.cn/t6/webim_prime/js/webim.js?v=1545309727035, line 198: unreachable code after return statement
JavaScript warning: https://js.t.sinajs.cn/t6/webim_prime/js/webim.js?v=1545309727035, line 200: unreachable code after return statement
JavaScript warning: https://js.t.sinajs.cn/t6/webim_prime/js/webim.js?v=1545309727035, line 207: unreachable code after return statement
JavaScript warning: https://js.t.sinajs.cn/t6/webim_prime/js/webim.js?v=1545309727035, line 139: unreachable code after return statement
1545309734209	geckodriver	INFO	geckodriver 0.19.1
1545309734215	geckodriver	INFO	Listening on 127.0.0.1:41549
1545309735376	mozrunner::runner	INFO	Running command: "/usr/local/firefox/firefox" "-marionette" "-profile" "/tmp/rust_mozprofile.NBg7akqUQ6Yi"
1545309735733	addons.xpi	WARN	Error parsing extensions state: [Exception... "Component returned failure code: 0x80520012 (NS_ERROR_FILE_NOT_FOUND) [amIAddonManagerStartup.readStartupData]"  nsresult: "0x80520012 (NS_ERROR_FILE_NOT_FOUND)"  location: "JS frame :: resource://gre/modules/addons/XPIProvider.jsm :: loadExtensionState :: line 1554"  data: no] Stack trace: loadExtensionState()@resource://gre/modules/addons/XPIProvider.jsm:1554 < getInstallState()@resource://gre/modules/addons/XPIProvider.jsm:1589 < checkForChanges()@resource://gre/modules/addons/XPIProvider.jsm:3109 < startup()@resource://gre/modules/addons/XPIProvider.jsm:2188 < callProvider()@resource://gre/modules/AddonManager.jsm:269 < _startProvider()@resource://gre/modules/AddonManager.jsm:739 < startup()@resource://gre/modules/AddonManager.jsm:906 < startup()@resource://gre/modules/AddonManager.jsm:3090 < observe()@jar:file:///usr/local/firefox/omni.ja!/components/addonManager.js:65
1545309736448	Marionette	INFO	Enabled via --marionette
1545309739019	Marionette	INFO	Listening on port 45166
1545309739128	Marionette	WARN	TLS certificate errors will be ignored for this session
1545309739188	Marionette	DEBUG	Register listener.js for window 2147483649
1545309739291	Marionette	DEBUG	Received DOM event "beforeunload" for "about:blank"
1545309740077	Marionette	DEBUG	Received DOM event "pagehide" for "about:blank"
1545309740078	Marionette	DEBUG	Received DOM event "unload" for "about:blank"
1545309740184	Marionette	DEBUG	Received DOM event "DOMContentLoaded" for "https://passport.weibo.com/visitor/visitor?entry=miniblog&a=enter&url=https%3A%2F%2Fweibo.com%2F5493447043%2Flike%3Fpage%3D1&domain=.weibo.com&ua=php-sso_sdk_client-0.6.28&_rand=1545309739.3173#feedtop"
1545309740195	Marionette	DEBUG	Received DOM event "pageshow" for "https://passport.weibo.com/visitor/visitor?entry=miniblog&a=enter&url=https%3A%2F%2Fweibo.com%2F5493447043%2Flike%3Fpage%3D1&domain=.weibo.com&ua=php-sso_sdk_client-0.6.28&_rand=1545309739.3173#feedtop"
JavaScript warning: https://js2.t.sinajs.cn/t6/webim_prime/js/common/all.js?version=a141dc22aa197226, line 1: unreachable code after return statement
JavaScript warning: https://js2.t.sinajs.cn/t6/webim_prime/js/common/all.js?version=a141dc22aa197226, line 1: unreachable code after return statement
JavaScript warning: https://js2.t.sinajs.cn/t6/webim_prime/js/common/all.js?version=a141dc22aa197226, line 1: unreachable code after return statement
JavaScript warning: https://js2.t.sinajs.cn/t6/webim_prime/js/common/all.js?version=a141dc22aa197226, line 1: unreachable code after return statement
JavaScript warning: https://js.t.sinajs.cn/t6/webim_prime/js/webim.js?v=1545309745732, line 139: unreachable code after return statement
JavaScript warning: https://js.t.sinajs.cn/t6/webim_prime/js/webim.js?v=1545309745732, line 139: unreachable code after return statement
JavaScript warning: https://js.t.sinajs.cn/t6/webim_prime/js/webim.js?v=1545309745732, line 172: unreachable code after return statement
JavaScript warning: https://js.t.sinajs.cn/t6/webim_prime/js/webim.js?v=1545309745732, line 174: unreachable code after return statement
JavaScript warning: https://js.t.sinajs.cn/t6/webim_prime/js/webim.js?v=1545309745732, line 198: unreachable code after return statement
JavaScript warning: https://js.t.sinajs.cn/t6/webim_prime/js/webim.js?v=1545309745732, line 200: unreachable code after return statement
JavaScript warning: https://js.t.sinajs.cn/t6/webim_prime/js/webim.js?v=1545309745732, line 207: unreachable code after return statement
JavaScript warning: https://js.t.sinajs.cn/t6/webim_prime/js/webim.js?v=1545309745732, line 139: unreachable code after return statement
1545309768483	Marionette	DEBUG	Received DOM event "popstate" for "https://weibo.com/5493447043/like?page=1#feedtop"
JavaScript warning: https://js2.t.sinajs.cn/t6/webim_prime/js/common/all.js?version=a141dc22aa197226, line 1: unreachable code after return statement
JavaScript warning: https://js2.t.sinajs.cn/t6/webim_prime/js/common/all.js?version=a141dc22aa197226, line 1: unreachable code after return statement
JavaScript warning: https://js2.t.sinajs.cn/t6/webim_prime/js/common/all.js?version=a141dc22aa197226, line 1: unreachable code after return statement
JavaScript warning: https://js2.t.sinajs.cn/t6/webim_prime/js/common/all.js?version=a141dc22aa197226, line 1: unreachable code after return statement
JavaScript warning: https://js.t.sinajs.cn/t6/webim_prime/js/webim.js?v=1545309778299, line 139: unreachable code after return statement
JavaScript warning: https://js.t.sinajs.cn/t6/webim_prime/js/webim.js?v=1545309778299, line 139: unreachable code after return statement
JavaScript warning: https://js.t.sinajs.cn/t6/webim_prime/js/webim.js?v=1545309778299, line 172: unreachable code after return statement
JavaScript warning: https://js.t.sinajs.cn/t6/webim_prime/js/webim.js?v=1545309778299, line 174: unreachable code after return statement
JavaScript warning: https://js.t.sinajs.cn/t6/webim_prime/js/webim.js?v=1545309778299, line 198: unreachable code after return statement
JavaScript warning: https://js.t.sinajs.cn/t6/webim_prime/js/webim.js?v=1545309778299, line 200: unreachable code after return statement
JavaScript warning: https://js.t.sinajs.cn/t6/webim_prime/js/webim.js?v=1545309778299, line 207: unreachable code after return statement
JavaScript warning: https://js.t.sinajs.cn/t6/webim_prime/js/webim.js?v=1545309778299, line 139: unreachable code after return statement
JavaScript warning: https://js2.t.sinajs.cn/t6/webim_prime/js/common/all.js?version=a141dc22aa197226, line 1: unreachable code after return statement
JavaScript warning: https://js2.t.sinajs.cn/t6/webim_prime/js/common/all.js?version=a141dc22aa197226, line 1: unreachable code after return statement
JavaScript warning: https://js2.t.sinajs.cn/t6/webim_prime/js/common/all.js?version=a141dc22aa197226, line 1: unreachable code after return statement
JavaScript warning: https://js2.t.sinajs.cn/t6/webim_prime/js/common/all.js?version=a141dc22aa197226, line 1: unreachable code after return statement
JavaScript warning: https://js.t.sinajs.cn/t6/webim_prime/js/webim.js?v=1545309782500, line 139: unreachable code after return statement
JavaScript warning: https://js.t.sinajs.cn/t6/webim_prime/js/webim.js?v=1545309782500, line 139: unreachable code after return statement
JavaScript warning: https://js.t.sinajs.cn/t6/webim_prime/js/webim.js?v=1545309782500, line 172: unreachable code after return statement
JavaScript warning: https://js.t.sinajs.cn/t6/webim_prime/js/webim.js?v=1545309782500, line 174: unreachable code after return statement
JavaScript warning: https://js.t.sinajs.cn/t6/webim_prime/js/webim.js?v=1545309782500, line 198: unreachable code after return statement
JavaScript warning: https://js.t.sinajs.cn/t6/webim_prime/js/webim.js?v=1545309782500, line 200: unreachable code after return statement
JavaScript warning: https://js.t.sinajs.cn/t6/webim_prime/js/webim.js?v=1545309782500, line 207: unreachable code after return statement
JavaScript warning: https://js.t.sinajs.cn/t6/webim_prime/js/webim.js?v=1545309782500, line 139: unreachable code after return statement
JavaScript warning: https://js2.t.sinajs.cn/t6/webim_prime/js/common/all.js?version=a141dc22aa197226, line 1: unreachable code after return statement
JavaScript warning: https://js2.t.sinajs.cn/t6/webim_prime/js/common/all.js?version=a141dc22aa197226, line 1: unreachable code after return statement
JavaScript warning: https://js2.t.sinajs.cn/t6/webim_prime/js/common/all.js?version=a141dc22aa197226, line 1: unreachable code after return statement
JavaScript warning: https://js2.t.sinajs.cn/t6/webim_prime/js/common/all.js?version=a141dc22aa197226, line 1: unreachable code after return statement
JavaScript warning: https://js.t.sinajs.cn/t6/webim_prime/js/webim.js?v=1545309787355, line 139: unreachable code after return statement
JavaScript warning: https://js.t.sinajs.cn/t6/webim_prime/js/webim.js?v=1545309787355, line 139: unreachable code after return statement
JavaScript warning: https://js.t.sinajs.cn/t6/webim_prime/js/webim.js?v=1545309787355, line 172: unreachable code after return statement
JavaScript warning: https://js.t.sinajs.cn/t6/webim_prime/js/webim.js?v=1545309787355, line 174: unreachable code after return statement
JavaScript warning: https://js.t.sinajs.cn/t6/webim_prime/js/webim.js?v=1545309787355, line 198: unreachable code after return statement
JavaScript warning: https://js.t.sinajs.cn/t6/webim_prime/js/webim.js?v=1545309787355, line 200: unreachable code after return statement
JavaScript warning: https://js.t.sinajs.cn/t6/webim_prime/js/webim.js?v=1545309787355, line 207: unreachable code after return statement
JavaScript warning: https://js.t.sinajs.cn/t6/webim_prime/js/webim.js?v=1545309787355, line 139: unreachable code after return statement
JavaScript warning: https://js2.t.sinajs.cn/t6/webim_prime/js/common/all.js?version=a141dc22aa197226, line 1: unreachable code after return statement
JavaScript warning: https://js2.t.sinajs.cn/t6/webim_prime/js/common/all.js?version=a141dc22aa197226, line 1: unreachable code after return statement
JavaScript warning: https://js2.t.sinajs.cn/t6/webim_prime/js/common/all.js?version=a141dc22aa197226, line 1: unreachable code after return statement
JavaScript warning: https://js2.t.sinajs.cn/t6/webim_prime/js/common/all.js?version=a141dc22aa197226, line 1: unreachable code after return statement
JavaScript warning: https://js.t.sinajs.cn/t6/webim_prime/js/webim.js?v=1545309801547, line 139: unreachable code after return statement
JavaScript warning: https://js.t.sinajs.cn/t6/webim_prime/js/webim.js?v=1545309801547, line 139: unreachable code after return statement
JavaScript warning: https://js.t.sinajs.cn/t6/webim_prime/js/webim.js?v=1545309801547, line 172: unreachable code after return statement
JavaScript warning: https://js.t.sinajs.cn/t6/webim_prime/js/webim.js?v=1545309801547, line 174: unreachable code after return statement
JavaScript warning: https://js.t.sinajs.cn/t6/webim_prime/js/webim.js?v=1545309801547, line 198: unreachable code after return statement
JavaScript warning: https://js.t.sinajs.cn/t6/webim_prime/js/webim.js?v=1545309801547, line 200: unreachable code after return statement
JavaScript warning: https://js.t.sinajs.cn/t6/webim_prime/js/webim.js?v=1545309801547, line 207: unreachable code after return statement
JavaScript warning: https://js.t.sinajs.cn/t6/webim_prime/js/webim.js?v=1545309801547, line 139: unreachable code after return statement
JavaScript error: https://js2.t.sinajs.cn/t6/page/js/pl/content/homeFeed/index.js?version=a141dc22aa197226, line 204: ReferenceError: V is not defined
JavaScript warning: https://js2.t.sinajs.cn/t6/webim_prime/js/common/all.js?version=a141dc22aa197226, line 1: unreachable code after return statement
JavaScript warning: https://js2.t.sinajs.cn/t6/webim_prime/js/common/all.js?version=a141dc22aa197226, line 1: unreachable code after return statement
JavaScript warning: https://js2.t.sinajs.cn/t6/webim_prime/js/common/all.js?version=a141dc22aa197226, line 1: unreachable code after return statement
JavaScript warning: https://js2.t.sinajs.cn/t6/webim_prime/js/common/all.js?version=a141dc22aa197226, line 1: unreachable code after return statement
JavaScript warning: https://js.t.sinajs.cn/t6/webim_prime/js/webim.js?v=1545309813205, line 139: unreachable code after return statement
JavaScript warning: https://js.t.sinajs.cn/t6/webim_prime/js/webim.js?v=1545309813205, line 139: unreachable code after return statement
JavaScript warning: https://js.t.sinajs.cn/t6/webim_prime/js/webim.js?v=1545309813205, line 172: unreachable code after return statement
JavaScript warning: https://js.t.sinajs.cn/t6/webim_prime/js/webim.js?v=1545309813205, line 174: unreachable code after return statement
JavaScript warning: https://js.t.sinajs.cn/t6/webim_prime/js/webim.js?v=1545309813205, line 198: unreachable code after return statement
JavaScript warning: https://js.t.sinajs.cn/t6/webim_prime/js/webim.js?v=1545309813205, line 200: unreachable code after return statement
JavaScript warning: https://js.t.sinajs.cn/t6/webim_prime/js/webim.js?v=1545309813205, line 207: unreachable code after return statement
JavaScript warning: https://js.t.sinajs.cn/t6/webim_prime/js/webim.js?v=1545309813205, line 139: unreachable code after return statement
JavaScript warning: https://js2.t.sinajs.cn/t6/webim_prime/js/common/all.js?version=a141dc22aa197226, line 1: unreachable code after return statement
JavaScript warning: https://js2.t.sinajs.cn/t6/webim_prime/js/common/all.js?version=a141dc22aa197226, line 1: unreachable code after return statement
JavaScript warning: https://js2.t.sinajs.cn/t6/webim_prime/js/common/all.js?version=a141dc22aa197226, line 1: unreachable code after return statement
JavaScript warning: https://js2.t.sinajs.cn/t6/webim_prime/js/common/all.js?version=a141dc22aa197226, line 1: unreachable code after return statement
JavaScript warning: https://js.t.sinajs.cn/t6/webim_prime/js/webim.js?v=1545309817622, line 139: unreachable code after return statement
JavaScript warning: https://js.t.sinajs.cn/t6/webim_prime/js/webim.js?v=1545309817622, line 139: unreachable code after return statement
JavaScript warning: https://js.t.sinajs.cn/t6/webim_prime/js/webim.js?v=1545309817622, line 172: unreachable code after return statement
JavaScript warning: https://js.t.sinajs.cn/t6/webim_prime/js/webim.js?v=1545309817622, line 174: unreachable code after return statement
JavaScript warning: https://js.t.sinajs.cn/t6/webim_prime/js/webim.js?v=1545309817622, line 198: unreachable code after return statement
JavaScript warning: https://js.t.sinajs.cn/t6/webim_prime/js/webim.js?v=1545309817622, line 200: unreachable code after return statement
JavaScript warning: https://js.t.sinajs.cn/t6/webim_prime/js/webim.js?v=1545309817622, line 207: unreachable code after return statement
JavaScript warning: https://js.t.sinajs.cn/t6/webim_prime/js/webim.js?v=1545309817622, line 139: unreachable code after return statement
JavaScript warning: https://js2.t.sinajs.cn/t6/webim_prime/js/common/all.js?version=a141dc22aa197226, line 1: unreachable code after return statement
JavaScript warning: https://js2.t.sinajs.cn/t6/webim_prime/js/common/all.js?version=a141dc22aa197226, line 1: unreachable code after return statement
JavaScript warning: https://js2.t.sinajs.cn/t6/webim_prime/js/common/all.js?version=a141dc22aa197226, line 1: unreachable code after return statement
JavaScript warning: https://js2.t.sinajs.cn/t6/webim_prime/js/common/all.js?version=a141dc22aa197226, line 1: unreachable code after return statement
JavaScript warning: https://js.t.sinajs.cn/t6/webim_prime/js/webim.js?v=1545309822112, line 139: unreachable code after return statement
JavaScript warning: https://js.t.sinajs.cn/t6/webim_prime/js/webim.js?v=1545309822112, line 139: unreachable code after return statement
JavaScript warning: https://js.t.sinajs.cn/t6/webim_prime/js/webim.js?v=1545309822112, line 172: unreachable code after return statement
JavaScript warning: https://js.t.sinajs.cn/t6/webim_prime/js/webim.js?v=1545309822112, line 174: unreachable code after return statement
JavaScript warning: https://js.t.sinajs.cn/t6/webim_prime/js/webim.js?v=1545309822112, line 198: unreachable code after return statement
JavaScript warning: https://js.t.sinajs.cn/t6/webim_prime/js/webim.js?v=1545309822112, line 200: unreachable code after return statement
JavaScript warning: https://js.t.sinajs.cn/t6/webim_prime/js/webim.js?v=1545309822112, line 207: unreachable code after return statement
JavaScript warning: https://js.t.sinajs.cn/t6/webim_prime/js/webim.js?v=1545309822112, line 139: unreachable code after return statement
JavaScript warning: https://js2.t.sinajs.cn/t6/webim_prime/js/common/all.js?version=a141dc22aa197226, line 1: unreachable code after return statement
JavaScript warning: https://js2.t.sinajs.cn/t6/webim_prime/js/common/all.js?version=a141dc22aa197226, line 1: unreachable code after return statement
JavaScript warning: https://js2.t.sinajs.cn/t6/webim_prime/js/common/all.js?version=a141dc22aa197226, line 1: unreachable code after return statement
JavaScript warning: https://js2.t.sinajs.cn/t6/webim_prime/js/common/all.js?version=a141dc22aa197226, line 1: unreachable code after return statement
JavaScript warning: https://js.t.sinajs.cn/t6/webim_prime/js/webim.js?v=1545309826325, line 139: unreachable code after return statement
JavaScript warning: https://js.t.sinajs.cn/t6/webim_prime/js/webim.js?v=1545309826325, line 139: unreachable code after return statement
JavaScript warning: https://js.t.sinajs.cn/t6/webim_prime/js/webim.js?v=1545309826325, line 172: unreachable code after return statement
JavaScript warning: https://js.t.sinajs.cn/t6/webim_prime/js/webim.js?v=1545309826325, line 174: unreachable code after return statement
JavaScript warning: https://js.t.sinajs.cn/t6/webim_prime/js/webim.js?v=1545309826325, line 198: unreachable code after return statement
JavaScript warning: https://js.t.sinajs.cn/t6/webim_prime/js/webim.js?v=1545309826325, line 200: unreachable code after return statement
JavaScript warning: https://js.t.sinajs.cn/t6/webim_prime/js/webim.js?v=1545309826325, line 207: unreachable code after return statement
JavaScript warning: https://js.t.sinajs.cn/t6/webim_prime/js/webim.js?v=1545309826325, line 139: unreachable code after return statement
JavaScript warning: https://js2.t.sinajs.cn/t6/webim_prime/js/common/all.js?version=a141dc22aa197226, line 1: unreachable code after return statement
JavaScript warning: https://js2.t.sinajs.cn/t6/webim_prime/js/common/all.js?version=a141dc22aa197226, line 1: unreachable code after return statement
JavaScript warning: https://js2.t.sinajs.cn/t6/webim_prime/js/common/all.js?version=a141dc22aa197226, line 1: unreachable code after return statement
JavaScript warning: https://js2.t.sinajs.cn/t6/webim_prime/js/common/all.js?version=a141dc22aa197226, line 1: unreachable code after return statement
JavaScript warning: https://js.t.sinajs.cn/t6/webim_prime/js/webim.js?v=1545309841515, line 139: unreachable code after return statement
JavaScript warning: https://js.t.sinajs.cn/t6/webim_prime/js/webim.js?v=1545309841515, line 139: unreachable code after return statement
JavaScript warning: https://js.t.sinajs.cn/t6/webim_prime/js/webim.js?v=1545309841515, line 172: unreachable code after return statement
JavaScript warning: https://js.t.sinajs.cn/t6/webim_prime/js/webim.js?v=1545309841515, line 174: unreachable code after return statement
JavaScript warning: https://js.t.sinajs.cn/t6/webim_prime/js/webim.js?v=1545309841515, line 198: unreachable code after return statement
JavaScript warning: https://js.t.sinajs.cn/t6/webim_prime/js/webim.js?v=1545309841515, line 200: unreachable code after return statement
JavaScript warning: https://js.t.sinajs.cn/t6/webim_prime/js/webim.js?v=1545309841515, line 207: unreachable code after return statement
JavaScript warning: https://js.t.sinajs.cn/t6/webim_prime/js/webim.js?v=1545309841515, line 139: unreachable code after return statement
JavaScript warning: https://js2.t.sinajs.cn/t6/webim_prime/js/common/all.js?version=a141dc22aa197226, line 1: unreachable code after return statement
JavaScript warning: https://js2.t.sinajs.cn/t6/webim_prime/js/common/all.js?version=a141dc22aa197226, line 1: unreachable code after return statement
JavaScript warning: https://js2.t.sinajs.cn/t6/webim_prime/js/common/all.js?version=a141dc22aa197226, line 1: unreachable code after return statement
JavaScript warning: https://js2.t.sinajs.cn/t6/webim_prime/js/common/all.js?version=a141dc22aa197226, line 1: unreachable code after return statement
JavaScript warning: https://js.t.sinajs.cn/t6/webim_prime/js/webim.js?v=1545309857676, line 139: unreachable code after return statement
JavaScript warning: https://js.t.sinajs.cn/t6/webim_prime/js/webim.js?v=1545309857676, line 139: unreachable code after return statement
JavaScript warning: https://js.t.sinajs.cn/t6/webim_prime/js/webim.js?v=1545309857676, line 172: unreachable code after return statement
JavaScript warning: https://js.t.sinajs.cn/t6/webim_prime/js/webim.js?v=1545309857676, line 174: unreachable code after return statement
JavaScript warning: https://js.t.sinajs.cn/t6/webim_prime/js/webim.js?v=1545309857676, line 198: unreachable code after return statement
JavaScript warning: https://js.t.sinajs.cn/t6/webim_prime/js/webim.js?v=1545309857676, line 200: unreachable code after return statement
JavaScript warning: https://js.t.sinajs.cn/t6/webim_prime/js/webim.js?v=1545309857676, line 207: unreachable code after return statement
JavaScript warning: https://js.t.sinajs.cn/t6/webim_prime/js/webim.js?v=1545309857676, line 139: unreachable code after return statement
JavaScript warning: https://js2.t.sinajs.cn/t6/webim_prime/js/common/all.js?version=a141dc22aa197226, line 1: unreachable code after return statement
JavaScript warning: https://js2.t.sinajs.cn/t6/webim_prime/js/common/all.js?version=a141dc22aa197226, line 1: unreachable code after return statement
JavaScript warning: https://js2.t.sinajs.cn/t6/webim_prime/js/common/all.js?version=a141dc22aa197226, line 1: unreachable code after return statement
JavaScript warning: https://js2.t.sinajs.cn/t6/webim_prime/js/common/all.js?version=a141dc22aa197226, line 1: unreachable code after return statement
JavaScript warning: https://js.t.sinajs.cn/t6/webim_prime/js/webim.js?v=1545309862997, line 139: unreachable code after return statement
JavaScript warning: https://js.t.sinajs.cn/t6/webim_prime/js/webim.js?v=1545309862997, line 139: unreachable code after return statement
JavaScript warning: https://js.t.sinajs.cn/t6/webim_prime/js/webim.js?v=1545309862997, line 172: unreachable code after return statement
JavaScript warning: https://js.t.sinajs.cn/t6/webim_prime/js/webim.js?v=1545309862997, line 174: unreachable code after return statement
JavaScript warning: https://js.t.sinajs.cn/t6/webim_prime/js/webim.js?v=1545309862997, line 198: unreachable code after return statement
JavaScript warning: https://js.t.sinajs.cn/t6/webim_prime/js/webim.js?v=1545309862997, line 200: unreachable code after return statement
JavaScript warning: https://js.t.sinajs.cn/t6/webim_prime/js/webim.js?v=1545309862997, line 207: unreachable code after return statement
JavaScript warning: https://js.t.sinajs.cn/t6/webim_prime/js/webim.js?v=1545309862997, line 139: unreachable code after return statement
JavaScript warning: https://js2.t.sinajs.cn/t6/webim_prime/js/common/all.js?version=a141dc22aa197226, line 1: unreachable code after return statement
JavaScript warning: https://js2.t.sinajs.cn/t6/webim_prime/js/common/all.js?version=a141dc22aa197226, line 1: unreachable code after return statement
JavaScript warning: https://js2.t.sinajs.cn/t6/webim_prime/js/common/all.js?version=a141dc22aa197226, line 1: unreachable code after return statement
JavaScript warning: https://js2.t.sinajs.cn/t6/webim_prime/js/common/all.js?version=a141dc22aa197226, line 1: unreachable code after return statement
JavaScript warning: https://js.t.sinajs.cn/t6/webim_prime/js/webim.js?v=1545309867426, line 139: unreachable code after return statement
JavaScript warning: https://js.t.sinajs.cn/t6/webim_prime/js/webim.js?v=1545309867426, line 139: unreachable code after return statement
JavaScript warning: https://js.t.sinajs.cn/t6/webim_prime/js/webim.js?v=1545309867426, line 172: unreachable code after return statement
JavaScript warning: https://js.t.sinajs.cn/t6/webim_prime/js/webim.js?v=1545309867426, line 174: unreachable code after return statement
JavaScript warning: https://js.t.sinajs.cn/t6/webim_prime/js/webim.js?v=1545309867426, line 198: unreachable code after return statement
JavaScript warning: https://js.t.sinajs.cn/t6/webim_prime/js/webim.js?v=1545309867426, line 200: unreachable code after return statement
JavaScript warning: https://js.t.sinajs.cn/t6/webim_prime/js/webim.js?v=1545309867426, line 207: unreachable code after return statement
JavaScript warning: https://js.t.sinajs.cn/t6/webim_prime/js/webim.js?v=1545309867426, line 139: unreachable code after return statement
JavaScript warning: https://js2.t.sinajs.cn/t6/webim_prime/js/common/all.js?version=a141dc22aa197226, line 1: unreachable code after return statement
JavaScript warning: https://js2.t.sinajs.cn/t6/webim_prime/js/common/all.js?version=a141dc22aa197226, line 1: unreachable code after return statement
JavaScript warning: https://js2.t.sinajs.cn/t6/webim_prime/js/common/all.js?version=a141dc22aa197226, line 1: unreachable code after return statement
JavaScript warning: https://js2.t.sinajs.cn/t6/webim_prime/js/common/all.js?version=a141dc22aa197226, line 1: unreachable code after return statement
JavaScript warning: https://js.t.sinajs.cn/t6/webim_prime/js/webim.js?v=1545309872768, line 139: unreachable code after return statement
JavaScript warning: https://js.t.sinajs.cn/t6/webim_prime/js/webim.js?v=1545309872768, line 139: unreachable code after return statement
JavaScript warning: https://js.t.sinajs.cn/t6/webim_prime/js/webim.js?v=1545309872768, line 172: unreachable code after return statement
JavaScript warning: https://js.t.sinajs.cn/t6/webim_prime/js/webim.js?v=1545309872768, line 174: unreachable code after return statement
JavaScript warning: https://js.t.sinajs.cn/t6/webim_prime/js/webim.js?v=1545309872768, line 198: unreachable code after return statement
JavaScript warning: https://js.t.sinajs.cn/t6/webim_prime/js/webim.js?v=1545309872768, line 200: unreachable code after return statement
JavaScript warning: https://js.t.sinajs.cn/t6/webim_prime/js/webim.js?v=1545309872768, line 207: unreachable code after return statement
JavaScript warning: https://js.t.sinajs.cn/t6/webim_prime/js/webim.js?v=1545309872768, line 139: unreachable code after return statement
JavaScript warning: https://js2.t.sinajs.cn/t6/webim_prime/js/common/all.js?version=a141dc22aa197226, line 1: unreachable code after return statement
JavaScript warning: https://js2.t.sinajs.cn/t6/webim_prime/js/common/all.js?version=a141dc22aa197226, line 1: unreachable code after return statement
JavaScript warning: https://js2.t.sinajs.cn/t6/webim_prime/js/common/all.js?version=a141dc22aa197226, line 1: unreachable code after return statement
JavaScript warning: https://js2.t.sinajs.cn/t6/webim_prime/js/common/all.js?version=a141dc22aa197226, line 1: unreachable code after return statement
JavaScript warning: https://js.t.sinajs.cn/t6/webim_prime/js/webim.js?v=1545309878258, line 139: unreachable code after return statement
JavaScript warning: https://js.t.sinajs.cn/t6/webim_prime/js/webim.js?v=1545309878258, line 139: unreachable code after return statement
JavaScript warning: https://js.t.sinajs.cn/t6/webim_prime/js/webim.js?v=1545309878258, line 172: unreachable code after return statement
JavaScript warning: https://js.t.sinajs.cn/t6/webim_prime/js/webim.js?v=1545309878258, line 174: unreachable code after return statement
JavaScript warning: https://js.t.sinajs.cn/t6/webim_prime/js/webim.js?v=1545309878258, line 198: unreachable code after return statement
JavaScript warning: https://js.t.sinajs.cn/t6/webim_prime/js/webim.js?v=1545309878258, line 200: unreachable code after return statement
JavaScript warning: https://js.t.sinajs.cn/t6/webim_prime/js/webim.js?v=1545309878258, line 207: unreachable code after return statement
JavaScript warning: https://js.t.sinajs.cn/t6/webim_prime/js/webim.js?v=1545309878258, line 139: unreachable code after return statement
